{"name": "Verify login functionality", "status": "broken", "statusDetails": {"message": "selenium.common.exceptions.WebDriverException: Message: chrome not reachable\n  (Session info: chrome=101.0.4951.67)\nStacktrace:\nBacktrace:\n\tOrdinal0 [0x0119B8F3+2406643]\n\tOrdinal0 [0x0112AF31+1945393]\n\tOrdinal0 [0x0101C610+837136]\n\tOrdinal0 [0x01010442+787522]\n\tOrdinal0 [0x0101116B+790891]\n\tOrdinal0 [0x010124B2+795826]\n\tOrdinal0 [0x0100BF09+769801]\n\tOrdinal0 [0x0101DAC0+842432]\n\tOrdinal0 [0x01073E62+1195618]\n\tOrdinal0 [0x01064096+1130646]\n\tOrdinal0 [0x0103E636+976438]\n\tOrdinal0 [0x0103F546+980294]\n\tGetHandleVerifier [0x01409612+2498066]\n\tGetHandleVerifier [0x013FC920+2445600]\n\tGetHandleVerifier [0x01234F2A+579370]\n\tGetHandleVerifier [0x01233D36+574774]\n\tOrdinal0 [0x01131C0B+1973259]\n\tOrdinal0 [0x01136688+1992328]\n\tOrdinal0 [0x01136775+1992565]\n\tOrdinal0 [0x0113F8D1+2029777]\n\tBaseThreadInitThunk [0x768BFA29+25]\n\tRtlGetAppContainerNamedObjectPath [0x77527A7E+286]\n\tRtlGetAppContainerNamedObjectPath [0x77527A4E+238]\n\n", "trace": "  File \"F:\\baitap\\kiemthu\\venv\\lib\\site-packages\\behave\\model.py\", line 1329, in run\n    match.run(runner.context)\n  File \"F:\\baitap\\kiemthu\\venv\\lib\\site-packages\\behave\\matchers.py\", line 98, in run\n    self.func(context, *args, **kwargs)\n  File \"Feature\\steps\\LoginPageSteps.py\", line 45, in step_impl\n    lpage.setusername(email)\n  File \"F:\\baitap\\kiemthu\\Pages\\LoginPage.py\", line 16, in setusername\n    self.driver.find_element_by_xpath(self.txt_username_type).send_keys(username)\n  File \"F:\\baitap\\kiemthu\\venv\\lib\\site-packages\\selenium\\webdriver\\remote\\webdriver.py\", line 521, in find_element_by_xpath\n    return self.find_element(by=By.XPATH, value=xpath)\n  File \"F:\\baitap\\kiemthu\\venv\\lib\\site-packages\\selenium\\webdriver\\remote\\webdriver.py\", line 1248, in find_element\n    return self.execute(Command.FIND_ELEMENT, {\n  File \"F:\\baitap\\kiemthu\\venv\\lib\\site-packages\\selenium\\webdriver\\remote\\webdriver.py\", line 425, in execute\n    self.error_handler.check_response(response)\n  File \"F:\\baitap\\kiemthu\\venv\\lib\\site-packages\\selenium\\webdriver\\remote\\errorhandler.py\", line 247, in check_response\n    raise exception_class(message, screen, stacktrace)\n"}, "steps": [{"name": "Given Launch the App", "status": "passed", "start": 1652859417041, "stop": 1652859422440}, {"name": "When enter key to input login credentials and click button", "status": "broken", "statusDetails": {"message": "selenium.common.exceptions.WebDriverException: Message: chrome not reachable\n  (Session info: chrome=101.0.4951.67)\nStacktrace:\nBacktrace:\n\tOrdinal0 [0x0119B8F3+2406643]\n\tOrdinal0 [0x0112AF31+1945393]\n\tOrdinal0 [0x0101C610+837136]\n\tOrdinal0 [0x01010442+787522]\n\tOrdinal0 [0x0101116B+790891]\n\tOrdinal0 [0x010124B2+795826]\n\tOrdinal0 [0x0100BF09+769801]\n\tOrdinal0 [0x0101DAC0+842432]\n\tOrdinal0 [0x01073E62+1195618]\n\tOrdinal0 [0x01064096+1130646]\n\tOrdinal0 [0x0103E636+976438]\n\tOrdinal0 [0x0103F546+980294]\n\tGetHandleVerifier [0x01409612+2498066]\n\tGetHandleVerifier [0x013FC920+2445600]\n\tGetHandleVerifier [0x01234F2A+579370]\n\tGetHandleVerifier [0x01233D36+574774]\n\tOrdinal0 [0x01131C0B+1973259]\n\tOrdinal0 [0x01136688+1992328]\n\tOrdinal0 [0x01136775+1992565]\n\tOrdinal0 [0x0113F8D1+2029777]\n\tBaseThreadInitThunk [0x768BFA29+25]\n\tRtlGetAppContainerNamedObjectPath [0x77527A7E+286]\n\tRtlGetAppContainerNamedObjectPath [0x77527A4E+238]\n\n", "trace": "  File \"F:\\baitap\\kiemthu\\venv\\lib\\site-packages\\behave\\model.py\", line 1329, in run\n    match.run(runner.context)\n  File \"F:\\baitap\\kiemthu\\venv\\lib\\site-packages\\behave\\matchers.py\", line 98, in run\n    self.func(context, *args, **kwargs)\n  File \"Feature\\steps\\LoginPageSteps.py\", line 45, in step_impl\n    lpage.setusername(email)\n  File \"F:\\baitap\\kiemthu\\Pages\\LoginPage.py\", line 16, in setusername\n    self.driver.find_element_by_xpath(self.txt_username_type).send_keys(username)\n  File \"F:\\baitap\\kiemthu\\venv\\lib\\site-packages\\selenium\\webdriver\\remote\\webdriver.py\", line 521, in find_element_by_xpath\n    return self.find_element(by=By.XPATH, value=xpath)\n  File \"F:\\baitap\\kiemthu\\venv\\lib\\site-packages\\selenium\\webdriver\\remote\\webdriver.py\", line 1248, in find_element\n    return self.execute(Command.FIND_ELEMENT, {\n  File \"F:\\baitap\\kiemthu\\venv\\lib\\site-packages\\selenium\\webdriver\\remote\\webdriver.py\", line 425, in execute\n    self.error_handler.check_response(response)\n  File \"F:\\baitap\\kiemthu\\venv\\lib\\site-packages\\selenium\\webdriver\\remote\\errorhandler.py\", line 247, in check_response\n    raise exception_class(message, screen, stacktrace)\n"}, "attachments": [{"name": "letcode Login test", "source": "76cc030a-10fa-446d-9524-11cb3228edda-attachment.png", "type": "image/png"}, {"name": "letcode Login test", "source": "fc2639b6-db6b-4ea6-84ff-2d87e37f41dd-attachment.png", "type": "image/png"}], "start": 1652859422440, "stop": 1652859450098}, {"name": "Then verify the page title and screenshot", "status": "skipped", "start": 1652859450099, "stop": 1652859450099}, {"name": "And close the App", "status": "skipped", "start": 1652859450099, "stop": 1652859450099}], "start": 1652859417040, "stop": 1652859450099, "uuid": "184d247c-fe2a-462c-b8f7-32f118aa2071", "historyId": "ab7dfe44a20221545b84346a3128c6f4", "fullName": "Test the c2ta application: Verify login functionality", "labels": [{"name": "severity", "value": "normal"}, {"name": "feature", "value": "Test the c2ta application"}, {"name": "framework", "value": "behave"}, {"name": "language", "value": "cpython3"}]}