{"name": "Verify registration function", "status": "broken", "statusDetails": {"message": "selenium.common.exceptions.WebDriverException: Message: target frame detached\n  (Session info: chrome=101.0.4951.67)\nStacktrace:\nBacktrace:\n\tOrdinal0 [0x0053B8F3+2406643]\n\tOrdinal0 [0x004CAF31+1945393]\n\tOrdinal0 [0x003BC610+837136]\n\tOrdinal0 [0x003AD777+776055]\n\tOrdinal0 [0x003AC7C5+772037]\n\tOrdinal0 [0x003ACDC8+773576]\n\tOrdinal0 [0x003ACD58+773464]\n\tOrdinal0 [0x003B2F1A+798490]\n\tOrdinal0 [0x003ADF9B+778139]\n\tOrdinal0 [0x003AE4C5+779461]\n\tOrdinal0 [0x003AE2AF+778927]\n\tOrdinal0 [0x003AD8A6+776358]\n\tOrdinal0 [0x003AD810+776208]\n\tOrdinal0 [0x003AC7C5+772037]\n\tOrdinal0 [0x003ACDC8+773576]\n\tOrdinal0 [0x003ACD58+773464]\n\tOrdinal0 [0x003B2F1A+798490]\n\tOrdinal0 [0x003ADF9B+778139]\n\tOrdinal0 [0x003AE4C5+779461]\n\tOrdinal0 [0x003AE2AF+778927]\n\tOrdinal0 [0x003AD8A6+776358]\n\tOrdinal0 [0x003AD810+776208]\n\tOrdinal0 [0x003AC7C5+772037]\n\tOrdinal0 [0x003ACDC8+773576]\n\tOrdinal0 [0x003ACD58+773464]\n\tOrdinal0 [0x003B2F1A+798490]\n\tOrdinal0 [0x003ADF9B+778139]\n\tOrdinal0 [0x003AE4C5+779461]\n\tOrdinal0 [0x003AE2AF+778927]\n\tOrdinal0 [0x003AD8A6+776358]\n\tOrdinal0 [0x003AC7C5+772037]\n\tOrdinal0 [0x003ACC9D+773277]\n\tOrdinal0 [0x003AC3E5+771045]\n\tOrdinal0 [0x003C0808+854024]\n\tOrdinal0 [0x003E02CF+983759]\n\tOrdinal0 [0x0040427C+1131132]\n\tOrdinal0 [0x003DFA64+981604]\n\tOrdinal0 [0x00404494+1131668]\n\tOrdinal0 [0x00414682+1197698]\n\tOrdinal0 [0x00404096+1130646]\n\tOrdinal0 [0x003DE636+976438]\n\tOrdinal0 [0x003DF546+980294]\n\tGetHandleVerifier [0x007A9612+2498066]\n\tGetHandleVerifier [0x0079C920+2445600]\n\tGetHandleVerifier [0x005D4F2A+579370]\n\tGetHandleVerifier [0x005D3D36+574774]\n\tOrdinal0 [0x004D1C0B+1973259]\n\tOrdinal0 [0x004D6688+1992328]\n\tOrdinal0 [0x004D6775+1992565]\n\tOrdinal0 [0x004DF8D1+2029777]\n\tBaseThreadInitThunk [0x755EFA29+25]\n\tRtlGetAppContainerNamedObjectPath [0x76EC7A7E+286]\n\tRtlGetAppContainerNamedObjectPath [0x76EC7A4E+238]\n\n", "trace": "  File \"F:\\baitap\\kiemthu\\venv\\lib\\site-packages\\behave\\model.py\", line 1329, in run\n    match.run(runner.context)\n  File \"F:\\baitap\\kiemthu\\venv\\lib\\site-packages\\behave\\matchers.py\", line 98, in run\n    self.func(context, *args, **kwargs)\n  File \"Feature\\steps\\RegisterPageSteps.py\", line 40, in step_impl\n    hpage.clickOnRegister()\n  File \"F:\\baitap\\kiemthu\\Pages\\HomePage.py\", line 16, in clickOnRegister\n    self.driver.find_element_by_xpath(self.link_register_xpath).click()\n  File \"F:\\baitap\\kiemthu\\venv\\lib\\site-packages\\selenium\\webdriver\\remote\\webelement.py\", line 81, in click\n    self._execute(Command.CLICK_ELEMENT)\n  File \"F:\\baitap\\kiemthu\\venv\\lib\\site-packages\\selenium\\webdriver\\remote\\webelement.py\", line 710, in _execute\n    return self._parent.execute(command, params)\n  File \"F:\\baitap\\kiemthu\\venv\\lib\\site-packages\\selenium\\webdriver\\remote\\webdriver.py\", line 425, in execute\n    self.error_handler.check_response(response)\n  File \"F:\\baitap\\kiemthu\\venv\\lib\\site-packages\\selenium\\webdriver\\remote\\errorhandler.py\", line 247, in check_response\n    raise exception_class(message, screen, stacktrace)\n"}, "steps": [{"name": "Given Launch the App111", "status": "passed", "start": 1652839936899, "stop": 1652839947122}, {"name": "When enter registration credentials111", "status": "broken", "statusDetails": {"message": "selenium.common.exceptions.WebDriverException: Message: target frame detached\n  (Session info: chrome=101.0.4951.67)\nStacktrace:\nBacktrace:\n\tOrdinal0 [0x0053B8F3+2406643]\n\tOrdinal0 [0x004CAF31+1945393]\n\tOrdinal0 [0x003BC610+837136]\n\tOrdinal0 [0x003AD777+776055]\n\tOrdinal0 [0x003AC7C5+772037]\n\tOrdinal0 [0x003ACDC8+773576]\n\tOrdinal0 [0x003ACD58+773464]\n\tOrdinal0 [0x003B2F1A+798490]\n\tOrdinal0 [0x003ADF9B+778139]\n\tOrdinal0 [0x003AE4C5+779461]\n\tOrdinal0 [0x003AE2AF+778927]\n\tOrdinal0 [0x003AD8A6+776358]\n\tOrdinal0 [0x003AD810+776208]\n\tOrdinal0 [0x003AC7C5+772037]\n\tOrdinal0 [0x003ACDC8+773576]\n\tOrdinal0 [0x003ACD58+773464]\n\tOrdinal0 [0x003B2F1A+798490]\n\tOrdinal0 [0x003ADF9B+778139]\n\tOrdinal0 [0x003AE4C5+779461]\n\tOrdinal0 [0x003AE2AF+778927]\n\tOrdinal0 [0x003AD8A6+776358]\n\tOrdinal0 [0x003AD810+776208]\n\tOrdinal0 [0x003AC7C5+772037]\n\tOrdinal0 [0x003ACDC8+773576]\n\tOrdinal0 [0x003ACD58+773464]\n\tOrdinal0 [0x003B2F1A+798490]\n\tOrdinal0 [0x003ADF9B+778139]\n\tOrdinal0 [0x003AE4C5+779461]\n\tOrdinal0 [0x003AE2AF+778927]\n\tOrdinal0 [0x003AD8A6+776358]\n\tOrdinal0 [0x003AC7C5+772037]\n\tOrdinal0 [0x003ACC9D+773277]\n\tOrdinal0 [0x003AC3E5+771045]\n\tOrdinal0 [0x003C0808+854024]\n\tOrdinal0 [0x003E02CF+983759]\n\tOrdinal0 [0x0040427C+1131132]\n\tOrdinal0 [0x003DFA64+981604]\n\tOrdinal0 [0x00404494+1131668]\n\tOrdinal0 [0x00414682+1197698]\n\tOrdinal0 [0x00404096+1130646]\n\tOrdinal0 [0x003DE636+976438]\n\tOrdinal0 [0x003DF546+980294]\n\tGetHandleVerifier [0x007A9612+2498066]\n\tGetHandleVerifier [0x0079C920+2445600]\n\tGetHandleVerifier [0x005D4F2A+579370]\n\tGetHandleVerifier [0x005D3D36+574774]\n\tOrdinal0 [0x004D1C0B+1973259]\n\tOrdinal0 [0x004D6688+1992328]\n\tOrdinal0 [0x004D6775+1992565]\n\tOrdinal0 [0x004DF8D1+2029777]\n\tBaseThreadInitThunk [0x755EFA29+25]\n\tRtlGetAppContainerNamedObjectPath [0x76EC7A7E+286]\n\tRtlGetAppContainerNamedObjectPath [0x76EC7A4E+238]\n\n", "trace": "  File \"F:\\baitap\\kiemthu\\venv\\lib\\site-packages\\behave\\model.py\", line 1329, in run\n    match.run(runner.context)\n  File \"F:\\baitap\\kiemthu\\venv\\lib\\site-packages\\behave\\matchers.py\", line 98, in run\n    self.func(context, *args, **kwargs)\n  File \"Feature\\steps\\RegisterPageSteps.py\", line 40, in step_impl\n    hpage.clickOnRegister()\n  File \"F:\\baitap\\kiemthu\\Pages\\HomePage.py\", line 16, in clickOnRegister\n    self.driver.find_element_by_xpath(self.link_register_xpath).click()\n  File \"F:\\baitap\\kiemthu\\venv\\lib\\site-packages\\selenium\\webdriver\\remote\\webelement.py\", line 81, in click\n    self._execute(Command.CLICK_ELEMENT)\n  File \"F:\\baitap\\kiemthu\\venv\\lib\\site-packages\\selenium\\webdriver\\remote\\webelement.py\", line 710, in _execute\n    return self._parent.execute(command, params)\n  File \"F:\\baitap\\kiemthu\\venv\\lib\\site-packages\\selenium\\webdriver\\remote\\webdriver.py\", line 425, in execute\n    self.error_handler.check_response(response)\n  File \"F:\\baitap\\kiemthu\\venv\\lib\\site-packages\\selenium\\webdriver\\remote\\errorhandler.py\", line 247, in check_response\n    raise exception_class(message, screen, stacktrace)\n"}, "start": 1652839947123, "stop": 1652839947528}, {"name": "Then verify the page title and screenshot111", "status": "skipped", "start": 1652839947529, "stop": 1652839947529}, {"name": "And close the App111", "status": "skipped", "start": 1652839947529, "stop": 1652839947529}], "start": 1652839936897, "stop": 1652839947529, "uuid": "c02f7d60-be35-4135-ba0a-4546d1e6f449", "historyId": "90d24ef7d5369684afdaa85c40689483", "fullName": "Test the viblo application: Verify registration function", "labels": [{"name": "severity", "value": "normal"}, {"name": "feature", "value": "Test the viblo application"}, {"name": "framework", "value": "behave"}, {"name": "language", "value": "cpython3"}]}