{"name": "Verify registration function", "status": "broken", "statusDetails": {"message": "selenium.common.exceptions.ElementClickInterceptedException: Message: element click intercepted: Element <input _ngcontent-serverapp-c58=\"\" type=\"checkbox\" id=\"agree\"> is not clickable at point (289, 338). Other element would receive the click: <div _ngcontent-serverapp-c40=\"\" class=\"overlay ng-tns-c40-0 ng-trigger ng-trigger-fadeIn ng-star-inserted\" style=\"background-color: rgba(0, 0, 0, 0.8); z-index: 99999; position: fixed; opacity: 1;\">...</div>\n  (Session info: chrome=101.0.4951.67)\nStacktrace:\nBacktrace:\n\tOrdinal0 [0x0119B8F3+2406643]\n\tOrdinal0 [0x0112AF31+1945393]\n\tOrdinal0 [0x0101C748+837448]\n\tOrdinal0 [0x0104FA1B+1047067]\n\tOrdinal0 [0x0104D9F8+1038840]\n\tOrdinal0 [0x0104B6DB+1029851]\n\tOrdinal0 [0x0104A439+1025081]\n\tOrdinal0 [0x01040083+983171]\n\tOrdinal0 [0x0106427C+1131132]\n\tOrdinal0 [0x0103FA64+981604]\n\tOrdinal0 [0x01064494+1131668]\n\tOrdinal0 [0x01074682+1197698]\n\tOrdinal0 [0x01064096+1130646]\n\tOrdinal0 [0x0103E636+976438]\n\tOrdinal0 [0x0103F546+980294]\n\tGetHandleVerifier [0x01409612+2498066]\n\tGetHandleVerifier [0x013FC920+2445600]\n\tGetHandleVerifier [0x01234F2A+579370]\n\tGetHandleVerifier [0x01233D36+574774]\n\tOrdinal0 [0x01131C0B+1973259]\n\tOrdinal0 [0x01136688+1992328]\n\tOrdinal0 [0x01136775+1992565]\n\tOrdinal0 [0x0113F8D1+2029777]\n\tBaseThreadInitThunk [0x768BFA29+25]\n\tRtlGetAppContainerNamedObjectPath [0x77527A7E+286]\n\tRtlGetAppContainerNamedObjectPath [0x77527A4E+238]\n\n", "trace": "  File \"F:\\baitap\\kiemthu\\venv\\lib\\site-packages\\behave\\model.py\", line 1329, in run\n    match.run(runner.context)\n  File \"F:\\baitap\\kiemthu\\venv\\lib\\site-packages\\behave\\matchers.py\", line 98, in run\n    self.func(context, *args, **kwargs)\n  File \"Feature\\steps\\RegisterPageSteps.py\", line 49, in step_impl\n    lpage.clickcheckbox()\n  File \"F:\\baitap\\kiemthu\\Pages\\RegisterPage.py\", line 29, in clickcheckbox\n    self.driver.find_element_by_xpath(self.btn_checkbox_xpath).click()\n  File \"F:\\baitap\\kiemthu\\venv\\lib\\site-packages\\selenium\\webdriver\\remote\\webelement.py\", line 81, in click\n    self._execute(Command.CLICK_ELEMENT)\n  File \"F:\\baitap\\kiemthu\\venv\\lib\\site-packages\\selenium\\webdriver\\remote\\webelement.py\", line 710, in _execute\n    return self._parent.execute(command, params)\n  File \"F:\\baitap\\kiemthu\\venv\\lib\\site-packages\\selenium\\webdriver\\remote\\webdriver.py\", line 425, in execute\n    self.error_handler.check_response(response)\n  File \"F:\\baitap\\kiemthu\\venv\\lib\\site-packages\\selenium\\webdriver\\remote\\errorhandler.py\", line 247, in check_response\n    raise exception_class(message, screen, stacktrace)\n"}, "steps": [{"name": "Given Launch the App111", "status": "passed", "start": 1652865408280, "stop": 1652865419089}, {"name": "When enter registration credentials111", "status": "broken", "statusDetails": {"message": "selenium.common.exceptions.ElementClickInterceptedException: Message: element click intercepted: Element <input _ngcontent-serverapp-c58=\"\" type=\"checkbox\" id=\"agree\"> is not clickable at point (289, 338). Other element would receive the click: <div _ngcontent-serverapp-c40=\"\" class=\"overlay ng-tns-c40-0 ng-trigger ng-trigger-fadeIn ng-star-inserted\" style=\"background-color: rgba(0, 0, 0, 0.8); z-index: 99999; position: fixed; opacity: 1;\">...</div>\n  (Session info: chrome=101.0.4951.67)\nStacktrace:\nBacktrace:\n\tOrdinal0 [0x0119B8F3+2406643]\n\tOrdinal0 [0x0112AF31+1945393]\n\tOrdinal0 [0x0101C748+837448]\n\tOrdinal0 [0x0104FA1B+1047067]\n\tOrdinal0 [0x0104D9F8+1038840]\n\tOrdinal0 [0x0104B6DB+1029851]\n\tOrdinal0 [0x0104A439+1025081]\n\tOrdinal0 [0x01040083+983171]\n\tOrdinal0 [0x0106427C+1131132]\n\tOrdinal0 [0x0103FA64+981604]\n\tOrdinal0 [0x01064494+1131668]\n\tOrdinal0 [0x01074682+1197698]\n\tOrdinal0 [0x01064096+1130646]\n\tOrdinal0 [0x0103E636+976438]\n\tOrdinal0 [0x0103F546+980294]\n\tGetHandleVerifier [0x01409612+2498066]\n\tGetHandleVerifier [0x013FC920+2445600]\n\tGetHandleVerifier [0x01234F2A+579370]\n\tGetHandleVerifier [0x01233D36+574774]\n\tOrdinal0 [0x01131C0B+1973259]\n\tOrdinal0 [0x01136688+1992328]\n\tOrdinal0 [0x01136775+1992565]\n\tOrdinal0 [0x0113F8D1+2029777]\n\tBaseThreadInitThunk [0x768BFA29+25]\n\tRtlGetAppContainerNamedObjectPath [0x77527A7E+286]\n\tRtlGetAppContainerNamedObjectPath [0x77527A4E+238]\n\n", "trace": "  File \"F:\\baitap\\kiemthu\\venv\\lib\\site-packages\\behave\\model.py\", line 1329, in run\n    match.run(runner.context)\n  File \"F:\\baitap\\kiemthu\\venv\\lib\\site-packages\\behave\\matchers.py\", line 98, in run\n    self.func(context, *args, **kwargs)\n  File \"Feature\\steps\\RegisterPageSteps.py\", line 49, in step_impl\n    lpage.clickcheckbox()\n  File \"F:\\baitap\\kiemthu\\Pages\\RegisterPage.py\", line 29, in clickcheckbox\n    self.driver.find_element_by_xpath(self.btn_checkbox_xpath).click()\n  File \"F:\\baitap\\kiemthu\\venv\\lib\\site-packages\\selenium\\webdriver\\remote\\webelement.py\", line 81, in click\n    self._execute(Command.CLICK_ELEMENT)\n  File \"F:\\baitap\\kiemthu\\venv\\lib\\site-packages\\selenium\\webdriver\\remote\\webelement.py\", line 710, in _execute\n    return self._parent.execute(command, params)\n  File \"F:\\baitap\\kiemthu\\venv\\lib\\site-packages\\selenium\\webdriver\\remote\\webdriver.py\", line 425, in execute\n    self.error_handler.check_response(response)\n  File \"F:\\baitap\\kiemthu\\venv\\lib\\site-packages\\selenium\\webdriver\\remote\\errorhandler.py\", line 247, in check_response\n    raise exception_class(message, screen, stacktrace)\n"}, "attachments": [{"name": "letcode Login test", "source": "1c3a3e1a-3ccd-4eb4-ae62-c2bf557c615b-attachment.png", "type": "image/png"}, {"name": "letcode Login test", "source": "71cdc7c0-6979-4a44-8e16-eea95358fa05-attachment.png", "type": "image/png"}], "start": 1652865419090, "stop": 1652865436125}, {"name": "Then verify the page title and screenshot111", "status": "skipped", "start": 1652865436129, "stop": 1652865436129}, {"name": "And close the App111", "status": "skipped", "start": 1652865436129, "stop": 1652865436129}], "start": 1652865408279, "stop": 1652865436129, "uuid": "4eddf356-5de3-436b-b976-38a0f0231b97", "historyId": "90d24ef7d5369684afdaa85c40689483", "fullName": "Test the viblo application: Verify registration function", "labels": [{"name": "severity", "value": "normal"}, {"name": "feature", "value": "Test the viblo application"}, {"name": "framework", "value": "behave"}, {"name": "language", "value": "cpython3"}]}