{"name": "Verify registration function", "status": "broken", "statusDetails": {"message": "selenium.common.exceptions.NoSuchElementException: Message: no such element: Unable to locate element: {\"method\":\"xpath\",\"selector\":\"//a[@href='/register']\"}\n  (Session info: chrome=101.0.4951.67)\nStacktrace:\nBacktrace:\n\tOrdinal0 [0x00C2B8F3+2406643]\n\tOrdinal0 [0x00BBAF31+1945393]\n\tOrdinal0 [0x00AAC748+837448]\n\tOrdinal0 [0x00AD92E0+1020640]\n\tOrdinal0 [0x00AD957B+1021307]\n\tOrdinal0 [0x00B06372+1205106]\n\tOrdinal0 [0x00AF42C4+1131204]\n\tOrdinal0 [0x00B04682+1197698]\n\tOrdinal0 [0x00AF4096+1130646]\n\tOrdinal0 [0x00ACE636+976438]\n\tOrdinal0 [0x00ACF546+980294]\n\tGetHandleVerifier [0x00E99612+2498066]\n\tGetHandleVerifier [0x00E8C920+2445600]\n\tGetHandleVerifier [0x00CC4F2A+579370]\n\tGetHandleVerifier [0x00CC3D36+574774]\n\tOrdinal0 [0x00BC1C0B+1973259]\n\tOrdinal0 [0x00BC6688+1992328]\n\tOrdinal0 [0x00BC6775+1992565]\n\tOrdinal0 [0x00BCF8D1+2029777]\n\tBaseThreadInitThunk [0x76E7FA29+25]\n\tRtlGetAppContainerNamedObjectPath [0x77137A7E+286]\n\tRtlGetAppContainerNamedObjectPath [0x77137A4E+238]\n\n", "trace": "  File \"F:\\baitap\\kiemthu\\venv\\lib\\site-packages\\behave\\model.py\", line 1329, in run\n    match.run(runner.context)\n  File \"F:\\baitap\\kiemthu\\venv\\lib\\site-packages\\behave\\matchers.py\", line 98, in run\n    self.func(context, *args, **kwargs)\n  File \"Feature\\steps\\RegisterPageSteps.py\", line 59, in step_impl\n    hpage.clickOnRegister()\n  File \"F:\\baitap\\kiemthu\\Pages\\HomePage.py\", line 16, in clickOnRegister\n    self.driver.find_element_by_xpath(self.link_register_xpath).click()\n  File \"F:\\baitap\\kiemthu\\venv\\lib\\site-packages\\selenium\\webdriver\\remote\\webdriver.py\", line 521, in find_element_by_xpath\n    return self.find_element(by=By.XPATH, value=xpath)\n  File \"F:\\baitap\\kiemthu\\venv\\lib\\site-packages\\selenium\\webdriver\\remote\\webdriver.py\", line 1248, in find_element\n    return self.execute(Command.FIND_ELEMENT, {\n  File \"F:\\baitap\\kiemthu\\venv\\lib\\site-packages\\selenium\\webdriver\\remote\\webdriver.py\", line 425, in execute\n    self.error_handler.check_response(response)\n  File \"F:\\baitap\\kiemthu\\venv\\lib\\site-packages\\selenium\\webdriver\\remote\\errorhandler.py\", line 247, in check_response\n    raise exception_class(message, screen, stacktrace)\n"}, "steps": [{"name": "Given Launch the App1", "status": "passed", "start": 1652802804476, "stop": 1652802831545}, {"name": "When enter registration credentials1", "status": "broken", "statusDetails": {"message": "selenium.common.exceptions.NoSuchElementException: Message: no such element: Unable to locate element: {\"method\":\"xpath\",\"selector\":\"//a[@href='/register']\"}\n  (Session info: chrome=101.0.4951.67)\nStacktrace:\nBacktrace:\n\tOrdinal0 [0x00C2B8F3+2406643]\n\tOrdinal0 [0x00BBAF31+1945393]\n\tOrdinal0 [0x00AAC748+837448]\n\tOrdinal0 [0x00AD92E0+1020640]\n\tOrdinal0 [0x00AD957B+1021307]\n\tOrdinal0 [0x00B06372+1205106]\n\tOrdinal0 [0x00AF42C4+1131204]\n\tOrdinal0 [0x00B04682+1197698]\n\tOrdinal0 [0x00AF4096+1130646]\n\tOrdinal0 [0x00ACE636+976438]\n\tOrdinal0 [0x00ACF546+980294]\n\tGetHandleVerifier [0x00E99612+2498066]\n\tGetHandleVerifier [0x00E8C920+2445600]\n\tGetHandleVerifier [0x00CC4F2A+579370]\n\tGetHandleVerifier [0x00CC3D36+574774]\n\tOrdinal0 [0x00BC1C0B+1973259]\n\tOrdinal0 [0x00BC6688+1992328]\n\tOrdinal0 [0x00BC6775+1992565]\n\tOrdinal0 [0x00BCF8D1+2029777]\n\tBaseThreadInitThunk [0x76E7FA29+25]\n\tRtlGetAppContainerNamedObjectPath [0x77137A7E+286]\n\tRtlGetAppContainerNamedObjectPath [0x77137A4E+238]\n\n", "trace": "  File \"F:\\baitap\\kiemthu\\venv\\lib\\site-packages\\behave\\model.py\", line 1329, in run\n    match.run(runner.context)\n  File \"F:\\baitap\\kiemthu\\venv\\lib\\site-packages\\behave\\matchers.py\", line 98, in run\n    self.func(context, *args, **kwargs)\n  File \"Feature\\steps\\RegisterPageSteps.py\", line 59, in step_impl\n    hpage.clickOnRegister()\n  File \"F:\\baitap\\kiemthu\\Pages\\HomePage.py\", line 16, in clickOnRegister\n    self.driver.find_element_by_xpath(self.link_register_xpath).click()\n  File \"F:\\baitap\\kiemthu\\venv\\lib\\site-packages\\selenium\\webdriver\\remote\\webdriver.py\", line 521, in find_element_by_xpath\n    return self.find_element(by=By.XPATH, value=xpath)\n  File \"F:\\baitap\\kiemthu\\venv\\lib\\site-packages\\selenium\\webdriver\\remote\\webdriver.py\", line 1248, in find_element\n    return self.execute(Command.FIND_ELEMENT, {\n  File \"F:\\baitap\\kiemthu\\venv\\lib\\site-packages\\selenium\\webdriver\\remote\\webdriver.py\", line 425, in execute\n    self.error_handler.check_response(response)\n  File \"F:\\baitap\\kiemthu\\venv\\lib\\site-packages\\selenium\\webdriver\\remote\\errorhandler.py\", line 247, in check_response\n    raise exception_class(message, screen, stacktrace)\n"}, "start": 1652802831546, "stop": 1652802831625}, {"name": "Then verify the page title and screenshot1", "status": "skipped", "start": 1652802831626, "stop": 1652802831626}, {"name": "And close the App1", "status": "skipped", "start": 1652802831626, "stop": 1652802831626}], "start": 1652802804475, "stop": 1652802831626, "uuid": "792d9e47-e7b2-42a4-94fc-e051e38b8aa2", "historyId": "90d24ef7d5369684afdaa85c40689483", "fullName": "Test the viblo application: Verify registration function", "labels": [{"name": "severity", "value": "normal"}, {"name": "feature", "value": "Test the viblo application"}, {"name": "framework", "value": "behave"}, {"name": "language", "value": "cpython3"}]}