{"name": "Verify login functionality", "status": "broken", "statusDetails": {"message": "selenium.common.exceptions.NoSuchElementException: Message: no such element: Unable to locate element: {\"method\":\"xpath\",\"selector\":\"//input[@name='email']\"}\n  (Session info: chrome=101.0.4951.67)\nStacktrace:\nBacktrace:\n\tOrdinal0 [0x0119B8F3+2406643]\n\tOrdinal0 [0x0112AF31+1945393]\n\tOrdinal0 [0x0101C748+837448]\n\tOrdinal0 [0x010492E0+1020640]\n\tOrdinal0 [0x0104957B+1021307]\n\tOrdinal0 [0x01076372+1205106]\n\tOrdinal0 [0x010642C4+1131204]\n\tOrdinal0 [0x01074682+1197698]\n\tOrdinal0 [0x01064096+1130646]\n\tOrdinal0 [0x0103E636+976438]\n\tOrdinal0 [0x0103F546+980294]\n\tGetHandleVerifier [0x01409612+2498066]\n\tGetHandleVerifier [0x013FC920+2445600]\n\tGetHandleVerifier [0x01234F2A+579370]\n\tGetHandleVerifier [0x01233D36+574774]\n\tOrdinal0 [0x01131C0B+1973259]\n\tOrdinal0 [0x01136688+1992328]\n\tOrdinal0 [0x01136775+1992565]\n\tOrdinal0 [0x0113F8D1+2029777]\n\tBaseThreadInitThunk [0x768BFA29+25]\n\tRtlGetAppContainerNamedObjectPath [0x77527A7E+286]\n\tRtlGetAppContainerNamedObjectPath [0x77527A4E+238]\n\n", "trace": "  File \"F:\\baitap\\kiemthu\\venv\\lib\\site-packages\\behave\\model.py\", line 1329, in run\n    match.run(runner.context)\n  File \"F:\\baitap\\kiemthu\\venv\\lib\\site-packages\\behave\\matchers.py\", line 98, in run\n    self.func(context, *args, **kwargs)\n  File \"Feature\\steps\\LoginPageSteps.py\", line 45, in step_impl\n    lpage.setusername(email)\n  File \"F:\\baitap\\kiemthu\\Pages\\LoginPage.py\", line 16, in setusername\n    self.driver.find_element_by_xpath(self.txt_username_type).send_keys(username)\n  File \"F:\\baitap\\kiemthu\\venv\\lib\\site-packages\\selenium\\webdriver\\remote\\webdriver.py\", line 521, in find_element_by_xpath\n    return self.find_element(by=By.XPATH, value=xpath)\n  File \"F:\\baitap\\kiemthu\\venv\\lib\\site-packages\\selenium\\webdriver\\remote\\webdriver.py\", line 1248, in find_element\n    return self.execute(Command.FIND_ELEMENT, {\n  File \"F:\\baitap\\kiemthu\\venv\\lib\\site-packages\\selenium\\webdriver\\remote\\webdriver.py\", line 425, in execute\n    self.error_handler.check_response(response)\n  File \"F:\\baitap\\kiemthu\\venv\\lib\\site-packages\\selenium\\webdriver\\remote\\errorhandler.py\", line 247, in check_response\n    raise exception_class(message, screen, stacktrace)\n"}, "steps": [{"name": "Given Launch the App", "status": "passed", "start": 1652859298283, "stop": 1652859304084}, {"name": "When enter key to input login credentials and click button", "status": "broken", "statusDetails": {"message": "selenium.common.exceptions.NoSuchElementException: Message: no such element: Unable to locate element: {\"method\":\"xpath\",\"selector\":\"//input[@name='email']\"}\n  (Session info: chrome=101.0.4951.67)\nStacktrace:\nBacktrace:\n\tOrdinal0 [0x0119B8F3+2406643]\n\tOrdinal0 [0x0112AF31+1945393]\n\tOrdinal0 [0x0101C748+837448]\n\tOrdinal0 [0x010492E0+1020640]\n\tOrdinal0 [0x0104957B+1021307]\n\tOrdinal0 [0x01076372+1205106]\n\tOrdinal0 [0x010642C4+1131204]\n\tOrdinal0 [0x01074682+1197698]\n\tOrdinal0 [0x01064096+1130646]\n\tOrdinal0 [0x0103E636+976438]\n\tOrdinal0 [0x0103F546+980294]\n\tGetHandleVerifier [0x01409612+2498066]\n\tGetHandleVerifier [0x013FC920+2445600]\n\tGetHandleVerifier [0x01234F2A+579370]\n\tGetHandleVerifier [0x01233D36+574774]\n\tOrdinal0 [0x01131C0B+1973259]\n\tOrdinal0 [0x01136688+1992328]\n\tOrdinal0 [0x01136775+1992565]\n\tOrdinal0 [0x0113F8D1+2029777]\n\tBaseThreadInitThunk [0x768BFA29+25]\n\tRtlGetAppContainerNamedObjectPath [0x77527A7E+286]\n\tRtlGetAppContainerNamedObjectPath [0x77527A4E+238]\n\n", "trace": "  File \"F:\\baitap\\kiemthu\\venv\\lib\\site-packages\\behave\\model.py\", line 1329, in run\n    match.run(runner.context)\n  File \"F:\\baitap\\kiemthu\\venv\\lib\\site-packages\\behave\\matchers.py\", line 98, in run\n    self.func(context, *args, **kwargs)\n  File \"Feature\\steps\\LoginPageSteps.py\", line 45, in step_impl\n    lpage.setusername(email)\n  File \"F:\\baitap\\kiemthu\\Pages\\LoginPage.py\", line 16, in setusername\n    self.driver.find_element_by_xpath(self.txt_username_type).send_keys(username)\n  File \"F:\\baitap\\kiemthu\\venv\\lib\\site-packages\\selenium\\webdriver\\remote\\webdriver.py\", line 521, in find_element_by_xpath\n    return self.find_element(by=By.XPATH, value=xpath)\n  File \"F:\\baitap\\kiemthu\\venv\\lib\\site-packages\\selenium\\webdriver\\remote\\webdriver.py\", line 1248, in find_element\n    return self.execute(Command.FIND_ELEMENT, {\n  File \"F:\\baitap\\kiemthu\\venv\\lib\\site-packages\\selenium\\webdriver\\remote\\webdriver.py\", line 425, in execute\n    self.error_handler.check_response(response)\n  File \"F:\\baitap\\kiemthu\\venv\\lib\\site-packages\\selenium\\webdriver\\remote\\errorhandler.py\", line 247, in check_response\n    raise exception_class(message, screen, stacktrace)\n"}, "attachments": [{"name": "letcode Login test", "source": "1a82d2c3-306e-4ff3-8158-40d62f5a5ab9-attachment.png", "type": "image/png"}, {"name": "letcode Login test", "source": "b7bea3c6-8103-4f2f-a0bb-212e6f9daa8c-attachment.png", "type": "image/png"}, {"name": "letcode Login test", "source": "92c99f45-f105-4445-ba23-68007dabdc53-attachment.png", "type": "image/png"}, {"name": "letcode Login test", "source": "eb821f1b-f118-4f14-9864-3e7c7adcd73d-attachment.png", "type": "image/png"}, {"name": "letcode Login test", "source": "37c898c7-f36f-4181-ad49-c5ac0e116c46-attachment.png", "type": "image/png"}, {"name": "letcode Login test", "source": "10c784b2-2bb2-4da7-8209-2dde7cd94558-attachment.png", "type": "image/png"}], "start": 1652859304084, "stop": 1652859345342}, {"name": "Then verify the page title and screenshot", "status": "skipped", "start": 1652859345343, "stop": 1652859345343}, {"name": "And close the App", "status": "skipped", "start": 1652859345343, "stop": 1652859345343}], "start": 1652859298282, "stop": 1652859345343, "uuid": "8a95892d-71ad-470b-b1ed-35f1d7087025", "historyId": "ab7dfe44a20221545b84346a3128c6f4", "fullName": "Test the c2ta application: Verify login functionality", "labels": [{"name": "severity", "value": "normal"}, {"name": "feature", "value": "Test the c2ta application"}, {"name": "framework", "value": "behave"}, {"name": "language", "value": "cpython3"}]}