{"name": "Verify registration function", "status": "broken", "statusDetails": {"message": "selenium.common.exceptions.NoSuchElementException: Message: no such element: Unable to locate element: {\"method\":\"css selector\",\"selector\":\"[id=\"reg_username\"]\"}\n  (Session info: chrome=100.0.4896.127)\nStacktrace:\nBacktrace:\n\tOrdinal0 [0x00677413+2389011]\n\tOrdinal0 [0x00609F61+1941345]\n\tOrdinal0 [0x004FC658+837208]\n\tOrdinal0 [0x005291DD+1020381]\n\tOrdinal0 [0x0052949B+1021083]\n\tOrdinal0 [0x00556032+1204274]\n\tOrdinal0 [0x00544194+1130900]\n\tOrdinal0 [0x00554302+1196802]\n\tOrdinal0 [0x00543F66+1130342]\n\tOrdinal0 [0x0051E546+976198]\n\tOrdinal0 [0x0051F456+980054]\n\tGetHandleVerifier [0x00829632+1727522]\n\tGetHandleVerifier [0x008DBA4D+2457661]\n\tGetHandleVerifier [0x0070EB81+569713]\n\tGetHandleVerifier [0x0070DD76+566118]\n\tOrdinal0 [0x00610B2B+1968939]\n\tOrdinal0 [0x00615988+1989000]\n\tOrdinal0 [0x00615A75+1989237]\n\tOrdinal0 [0x0061ECB1+2026673]\n\tBaseThreadInitThunk [0x75E0FA29+25]\n\tRtlGetAppContainerNamedObjectPath [0x76FE7A7E+286]\n\tRtlGetAppContainerNamedObjectPath [0x76FE7A4E+238]\n\n", "trace": "  File \"F:\\baitap\\kiemthu\\venv\\lib\\site-packages\\behave\\model.py\", line 1329, in run\n    match.run(runner.context)\n  File \"F:\\baitap\\kiemthu\\venv\\lib\\site-packages\\behave\\matchers.py\", line 98, in run\n    self.func(context, *args, **kwargs)\n  File \"Feature\\steps\\RegisterPageSteps.py\", line 35, in step_impl\n    lpage.setusername(urs)\n  File \"F:\\baitap\\kiemthu\\Pages\\RegisterPage.py\", line 15, in setusername\n    self.driver.find_element_by_id(self.txt_username_id).send_keys(username)\n  File \"F:\\baitap\\kiemthu\\venv\\lib\\site-packages\\selenium\\webdriver\\remote\\webdriver.py\", line 473, in find_element_by_id\n    return self.find_element(by=By.ID, value=id_)\n  File \"F:\\baitap\\kiemthu\\venv\\lib\\site-packages\\selenium\\webdriver\\remote\\webdriver.py\", line 1248, in find_element\n    return self.execute(Command.FIND_ELEMENT, {\n  File \"F:\\baitap\\kiemthu\\venv\\lib\\site-packages\\selenium\\webdriver\\remote\\webdriver.py\", line 425, in execute\n    self.error_handler.check_response(response)\n  File \"F:\\baitap\\kiemthu\\venv\\lib\\site-packages\\selenium\\webdriver\\remote\\errorhandler.py\", line 247, in check_response\n    raise exception_class(message, screen, stacktrace)\n"}, "steps": [{"name": "Given Launch the App1", "status": "passed", "start": 1651079134497, "stop": 1651079138868}, {"name": "When enter registration credentials1", "status": "broken", "statusDetails": {"message": "selenium.common.exceptions.NoSuchElementException: Message: no such element: Unable to locate element: {\"method\":\"css selector\",\"selector\":\"[id=\"reg_username\"]\"}\n  (Session info: chrome=100.0.4896.127)\nStacktrace:\nBacktrace:\n\tOrdinal0 [0x00677413+2389011]\n\tOrdinal0 [0x00609F61+1941345]\n\tOrdinal0 [0x004FC658+837208]\n\tOrdinal0 [0x005291DD+1020381]\n\tOrdinal0 [0x0052949B+1021083]\n\tOrdinal0 [0x00556032+1204274]\n\tOrdinal0 [0x00544194+1130900]\n\tOrdinal0 [0x00554302+1196802]\n\tOrdinal0 [0x00543F66+1130342]\n\tOrdinal0 [0x0051E546+976198]\n\tOrdinal0 [0x0051F456+980054]\n\tGetHandleVerifier [0x00829632+1727522]\n\tGetHandleVerifier [0x008DBA4D+2457661]\n\tGetHandleVerifier [0x0070EB81+569713]\n\tGetHandleVerifier [0x0070DD76+566118]\n\tOrdinal0 [0x00610B2B+1968939]\n\tOrdinal0 [0x00615988+1989000]\n\tOrdinal0 [0x00615A75+1989237]\n\tOrdinal0 [0x0061ECB1+2026673]\n\tBaseThreadInitThunk [0x75E0FA29+25]\n\tRtlGetAppContainerNamedObjectPath [0x76FE7A7E+286]\n\tRtlGetAppContainerNamedObjectPath [0x76FE7A4E+238]\n\n", "trace": "  File \"F:\\baitap\\kiemthu\\venv\\lib\\site-packages\\behave\\model.py\", line 1329, in run\n    match.run(runner.context)\n  File \"F:\\baitap\\kiemthu\\venv\\lib\\site-packages\\behave\\matchers.py\", line 98, in run\n    self.func(context, *args, **kwargs)\n  File \"Feature\\steps\\RegisterPageSteps.py\", line 35, in step_impl\n    lpage.setusername(urs)\n  File \"F:\\baitap\\kiemthu\\Pages\\RegisterPage.py\", line 15, in setusername\n    self.driver.find_element_by_id(self.txt_username_id).send_keys(username)\n  File \"F:\\baitap\\kiemthu\\venv\\lib\\site-packages\\selenium\\webdriver\\remote\\webdriver.py\", line 473, in find_element_by_id\n    return self.find_element(by=By.ID, value=id_)\n  File \"F:\\baitap\\kiemthu\\venv\\lib\\site-packages\\selenium\\webdriver\\remote\\webdriver.py\", line 1248, in find_element\n    return self.execute(Command.FIND_ELEMENT, {\n  File \"F:\\baitap\\kiemthu\\venv\\lib\\site-packages\\selenium\\webdriver\\remote\\webdriver.py\", line 425, in execute\n    self.error_handler.check_response(response)\n  File \"F:\\baitap\\kiemthu\\venv\\lib\\site-packages\\selenium\\webdriver\\remote\\errorhandler.py\", line 247, in check_response\n    raise exception_class(message, screen, stacktrace)\n"}, "start": 1651079138868, "stop": 1651079140352}, {"name": "Then click register", "status": "skipped", "start": 1651079140354, "stop": 1651079140354}, {"name": "Then verify the page title and screenshot1", "status": "skipped", "start": 1651079140354, "stop": 1651079140354}, {"name": "And close the App1", "status": "skipped", "start": 1651079140354, "stop": 1651079140354}], "start": 1651079134495, "stop": 1651079140354, "uuid": "874a6684-db40-4bdb-8b37-ebae96805fee", "historyId": "b5ec659da2c932e10eb1fc81047b04f6", "fullName": "Test the c2ta application: Verify registration function", "labels": [{"name": "severity", "value": "normal"}, {"name": "feature", "value": "Test the c2ta application"}, {"name": "framework", "value": "behave"}, {"name": "language", "value": "cpython3"}]}