{"name": "Verify registration function", "status": "broken", "statusDetails": {"message": "selenium.common.exceptions.NoSuchElementException: Message: no such element: Unable to locate element: {\"method\":\"xpath\",\"selector\":\"//input[@placeholder='Enter your name']\"}\n  (Session info: chrome=101.0.4951.67)\nStacktrace:\nBacktrace:\n\tOrdinal0 [0x0053B8F3+2406643]\n\tOrdinal0 [0x004CAF31+1945393]\n\tOrdinal0 [0x003BC748+837448]\n\tOrdinal0 [0x003E92E0+1020640]\n\tOrdinal0 [0x003E957B+1021307]\n\tOrdinal0 [0x00416372+1205106]\n\tOrdinal0 [0x004042C4+1131204]\n\tOrdinal0 [0x00414682+1197698]\n\tOrdinal0 [0x00404096+1130646]\n\tOrdinal0 [0x003DE636+976438]\n\tOrdinal0 [0x003DF546+980294]\n\tGetHandleVerifier [0x007A9612+2498066]\n\tGetHandleVerifier [0x0079C920+2445600]\n\tGetHandleVerifier [0x005D4F2A+579370]\n\tGetHandleVerifier [0x005D3D36+574774]\n\tOrdinal0 [0x004D1C0B+1973259]\n\tOrdinal0 [0x004D6688+1992328]\n\tOrdinal0 [0x004D6775+1992565]\n\tOrdinal0 [0x004DF8D1+2029777]\n\tBaseThreadInitThunk [0x755EFA29+25]\n\tRtlGetAppContainerNamedObjectPath [0x76EC7A7E+286]\n\tRtlGetAppContainerNamedObjectPath [0x76EC7A4E+238]\n\n", "trace": "  File \"F:\\baitap\\kiemthu\\venv\\lib\\site-packages\\behave\\model.py\", line 1329, in run\n    match.run(runner.context)\n  File \"F:\\baitap\\kiemthu\\venv\\lib\\site-packages\\behave\\matchers.py\", line 98, in run\n    self.func(context, *args, **kwargs)\n  File \"Feature\\steps\\RegisterPageSteps.py\", line 46, in step_impl\n    lpage.setname(name)\n  File \"F:\\baitap\\kiemthu\\Pages\\RegisterPage.py\", line 20, in setname\n    self.driver.find_element_by_xpath(self.txt_name_xpath).send_keys(name)\n  File \"F:\\baitap\\kiemthu\\venv\\lib\\site-packages\\selenium\\webdriver\\remote\\webdriver.py\", line 521, in find_element_by_xpath\n    return self.find_element(by=By.XPATH, value=xpath)\n  File \"F:\\baitap\\kiemthu\\venv\\lib\\site-packages\\selenium\\webdriver\\remote\\webdriver.py\", line 1248, in find_element\n    return self.execute(Command.FIND_ELEMENT, {\n  File \"F:\\baitap\\kiemthu\\venv\\lib\\site-packages\\selenium\\webdriver\\remote\\webdriver.py\", line 425, in execute\n    self.error_handler.check_response(response)\n  File \"F:\\baitap\\kiemthu\\venv\\lib\\site-packages\\selenium\\webdriver\\remote\\errorhandler.py\", line 247, in check_response\n    raise exception_class(message, screen, stacktrace)\n"}, "steps": [{"name": "Given Launch the App1", "status": "passed", "start": 1652839849591, "stop": 1652839856857}, {"name": "When enter registration credentials1", "status": "broken", "statusDetails": {"message": "selenium.common.exceptions.NoSuchElementException: Message: no such element: Unable to locate element: {\"method\":\"xpath\",\"selector\":\"//input[@placeholder='Enter your name']\"}\n  (Session info: chrome=101.0.4951.67)\nStacktrace:\nBacktrace:\n\tOrdinal0 [0x0053B8F3+2406643]\n\tOrdinal0 [0x004CAF31+1945393]\n\tOrdinal0 [0x003BC748+837448]\n\tOrdinal0 [0x003E92E0+1020640]\n\tOrdinal0 [0x003E957B+1021307]\n\tOrdinal0 [0x00416372+1205106]\n\tOrdinal0 [0x004042C4+1131204]\n\tOrdinal0 [0x00414682+1197698]\n\tOrdinal0 [0x00404096+1130646]\n\tOrdinal0 [0x003DE636+976438]\n\tOrdinal0 [0x003DF546+980294]\n\tGetHandleVerifier [0x007A9612+2498066]\n\tGetHandleVerifier [0x0079C920+2445600]\n\tGetHandleVerifier [0x005D4F2A+579370]\n\tGetHandleVerifier [0x005D3D36+574774]\n\tOrdinal0 [0x004D1C0B+1973259]\n\tOrdinal0 [0x004D6688+1992328]\n\tOrdinal0 [0x004D6775+1992565]\n\tOrdinal0 [0x004DF8D1+2029777]\n\tBaseThreadInitThunk [0x755EFA29+25]\n\tRtlGetAppContainerNamedObjectPath [0x76EC7A7E+286]\n\tRtlGetAppContainerNamedObjectPath [0x76EC7A4E+238]\n\n", "trace": "  File \"F:\\baitap\\kiemthu\\venv\\lib\\site-packages\\behave\\model.py\", line 1329, in run\n    match.run(runner.context)\n  File \"F:\\baitap\\kiemthu\\venv\\lib\\site-packages\\behave\\matchers.py\", line 98, in run\n    self.func(context, *args, **kwargs)\n  File \"Feature\\steps\\RegisterPageSteps.py\", line 46, in step_impl\n    lpage.setname(name)\n  File \"F:\\baitap\\kiemthu\\Pages\\RegisterPage.py\", line 20, in setname\n    self.driver.find_element_by_xpath(self.txt_name_xpath).send_keys(name)\n  File \"F:\\baitap\\kiemthu\\venv\\lib\\site-packages\\selenium\\webdriver\\remote\\webdriver.py\", line 521, in find_element_by_xpath\n    return self.find_element(by=By.XPATH, value=xpath)\n  File \"F:\\baitap\\kiemthu\\venv\\lib\\site-packages\\selenium\\webdriver\\remote\\webdriver.py\", line 1248, in find_element\n    return self.execute(Command.FIND_ELEMENT, {\n  File \"F:\\baitap\\kiemthu\\venv\\lib\\site-packages\\selenium\\webdriver\\remote\\webdriver.py\", line 425, in execute\n    self.error_handler.check_response(response)\n  File \"F:\\baitap\\kiemthu\\venv\\lib\\site-packages\\selenium\\webdriver\\remote\\errorhandler.py\", line 247, in check_response\n    raise exception_class(message, screen, stacktrace)\n"}, "start": 1652839856857, "stop": 1652839885941}, {"name": "Then verify the page title and screenshot1", "status": "skipped", "start": 1652839885941, "stop": 1652839885942}, {"name": "And close the App1", "status": "skipped", "start": 1652839885942, "stop": 1652839885942}], "start": 1652839849589, "stop": 1652839885942, "uuid": "5779a729-d9b8-4b27-ac81-7165e4f03a79", "historyId": "90d24ef7d5369684afdaa85c40689483", "fullName": "Test the viblo application: Verify registration function", "labels": [{"name": "severity", "value": "normal"}, {"name": "feature", "value": "Test the viblo application"}, {"name": "framework", "value": "behave"}, {"name": "language", "value": "cpython3"}]}