{"name": "Verify login functionality", "status": "broken", "statusDetails": {"message": "selenium.common.exceptions.WebDriverException: Message: chrome not reachable\n  (Session info: chrome=101.0.4951.67)\nStacktrace:\nBacktrace:\n\tOrdinal0 [0x0119B8F3+2406643]\n\tOrdinal0 [0x0112AF31+1945393]\n\tOrdinal0 [0x0101C610+837136]\n\tOrdinal0 [0x01010442+787522]\n\tOrdinal0 [0x0101116B+790891]\n\tOrdinal0 [0x010124B2+795826]\n\tOrdinal0 [0x0100BF09+769801]\n\tOrdinal0 [0x0101DAC0+842432]\n\tOrdinal0 [0x01073E62+1195618]\n\tOrdinal0 [0x01064096+1130646]\n\tOrdinal0 [0x0103E636+976438]\n\tOrdinal0 [0x0103F546+980294]\n\tGetHandleVerifier [0x01409612+2498066]\n\tGetHandleVerifier [0x013FC920+2445600]\n\tGetHandleVerifier [0x01234F2A+579370]\n\tGetHandleVerifier [0x01233D36+574774]\n\tOrdinal0 [0x01131C0B+1973259]\n\tOrdinal0 [0x01136688+1992328]\n\tOrdinal0 [0x01136775+1992565]\n\tOrdinal0 [0x0113F8D1+2029777]\n\tBaseThreadInitThunk [0x768BFA29+25]\n\tRtlGetAppContainerNamedObjectPath [0x77527A7E+286]\n\tRtlGetAppContainerNamedObjectPath [0x77527A4E+238]\n\n", "trace": "  File \"F:\\baitap\\kiemthu\\venv\\lib\\site-packages\\behave\\model.py\", line 1329, in run\n    match.run(runner.context)\n  File \"F:\\baitap\\kiemthu\\venv\\lib\\site-packages\\behave\\matchers.py\", line 98, in run\n    self.func(context, *args, **kwargs)\n  File \"Feature\\steps\\LoginPageSteps.py\", line 70, in step_impl\n    actual_title = context.driver.title\n  File \"F:\\baitap\\kiemthu\\venv\\lib\\site-packages\\selenium\\webdriver\\remote\\webdriver.py\", line 448, in title\n    resp = self.execute(Command.GET_TITLE)\n  File \"F:\\baitap\\kiemthu\\venv\\lib\\site-packages\\selenium\\webdriver\\remote\\webdriver.py\", line 425, in execute\n    self.error_handler.check_response(response)\n  File \"F:\\baitap\\kiemthu\\venv\\lib\\site-packages\\selenium\\webdriver\\remote\\errorhandler.py\", line 247, in check_response\n    raise exception_class(message, screen, stacktrace)\n"}, "steps": [{"name": "Given Launch the App", "status": "passed", "start": 1652865128811, "stop": 1652865139206}, {"name": "When enter key to input login credentials and click button", "status": "passed", "attachments": [{"name": "letcode Login test", "source": "22468cc9-ed9c-4a33-b395-3a9cfb1947db-attachment.png", "type": "image/png"}, {"name": "letcode Login test", "source": "444cbada-b0e8-418c-b70a-e37caf392c3c-attachment.png", "type": "image/png"}, {"name": "letcode Login test", "source": "2f4b6298-b006-4492-8dfe-bff9576c1c77-attachment.png", "type": "image/png"}, {"name": "letcode Login test", "source": "bd650478-6eb6-4c05-8679-bee686438c18-attachment.png", "type": "image/png"}, {"name": "letcode Login test", "source": "ee089622-ab40-4931-ac69-df3d10824615-attachment.png", "type": "image/png"}, {"name": "letcode Login test", "source": "36f5c019-1718-47a5-8003-dc70d290f027-attachment.png", "type": "image/png"}], "start": 1652865139206, "stop": 1652865229671}, {"name": "Then verify the page title and screenshot", "status": "broken", "statusDetails": {"message": "selenium.common.exceptions.WebDriverException: Message: chrome not reachable\n  (Session info: chrome=101.0.4951.67)\nStacktrace:\nBacktrace:\n\tOrdinal0 [0x0119B8F3+2406643]\n\tOrdinal0 [0x0112AF31+1945393]\n\tOrdinal0 [0x0101C610+837136]\n\tOrdinal0 [0x01010442+787522]\n\tOrdinal0 [0x0101116B+790891]\n\tOrdinal0 [0x010124B2+795826]\n\tOrdinal0 [0x0100BF09+769801]\n\tOrdinal0 [0x0101DAC0+842432]\n\tOrdinal0 [0x01073E62+1195618]\n\tOrdinal0 [0x01064096+1130646]\n\tOrdinal0 [0x0103E636+976438]\n\tOrdinal0 [0x0103F546+980294]\n\tGetHandleVerifier [0x01409612+2498066]\n\tGetHandleVerifier [0x013FC920+2445600]\n\tGetHandleVerifier [0x01234F2A+579370]\n\tGetHandleVerifier [0x01233D36+574774]\n\tOrdinal0 [0x01131C0B+1973259]\n\tOrdinal0 [0x01136688+1992328]\n\tOrdinal0 [0x01136775+1992565]\n\tOrdinal0 [0x0113F8D1+2029777]\n\tBaseThreadInitThunk [0x768BFA29+25]\n\tRtlGetAppContainerNamedObjectPath [0x77527A7E+286]\n\tRtlGetAppContainerNamedObjectPath [0x77527A4E+238]\n\n", "trace": "  File \"F:\\baitap\\kiemthu\\venv\\lib\\site-packages\\behave\\model.py\", line 1329, in run\n    match.run(runner.context)\n  File \"F:\\baitap\\kiemthu\\venv\\lib\\site-packages\\behave\\matchers.py\", line 98, in run\n    self.func(context, *args, **kwargs)\n  File \"Feature\\steps\\LoginPageSteps.py\", line 70, in step_impl\n    actual_title = context.driver.title\n  File \"F:\\baitap\\kiemthu\\venv\\lib\\site-packages\\selenium\\webdriver\\remote\\webdriver.py\", line 448, in title\n    resp = self.execute(Command.GET_TITLE)\n  File \"F:\\baitap\\kiemthu\\venv\\lib\\site-packages\\selenium\\webdriver\\remote\\webdriver.py\", line 425, in execute\n    self.error_handler.check_response(response)\n  File \"F:\\baitap\\kiemthu\\venv\\lib\\site-packages\\selenium\\webdriver\\remote\\errorhandler.py\", line 247, in check_response\n    raise exception_class(message, screen, stacktrace)\n"}, "start": 1652865229671, "stop": 1652865233849}, {"name": "And close the App", "status": "skipped", "start": 1652865233849, "stop": 1652865233849}], "start": 1652865128810, "stop": 1652865233849, "uuid": "ab41e5a2-6bf0-4a48-b66b-a4bf2e9d88cc", "historyId": "ab7dfe44a20221545b84346a3128c6f4", "fullName": "Test the c2ta application: Verify login functionality", "labels": [{"name": "severity", "value": "normal"}, {"name": "feature", "value": "Test the c2ta application"}, {"name": "framework", "value": "behave"}, {"name": "language", "value": "cpython3"}]}