{"name": "Verify login functionality", "status": "broken", "statusDetails": {"message": "selenium.common.exceptions.NoSuchWindowException: Message: no such window: target window already closed\nfrom unknown error: web view not found\n  (Session info: chrome=101.0.4951.67)\nStacktrace:\nBacktrace:\n\tOrdinal0 [0x00C2B8F3+2406643]\n\tOrdinal0 [0x00BBAF31+1945393]\n\tOrdinal0 [0x00AAC748+837448]\n\tOrdinal0 [0x00A942B0+737968]\n\tOrdinal0 [0x00AF6C09+1141769]\n\tOrdinal0 [0x00B03E22+1195554]\n\tOrdinal0 [0x00AF4096+1130646]\n\tOrdinal0 [0x00ACE636+976438]\n\tOrdinal0 [0x00ACF546+980294]\n\tGetHandleVerifier [0x00E99612+2498066]\n\tGetHandleVerifier [0x00E8C920+2445600]\n\tGetHandleVerifier [0x00CC4F2A+579370]\n\tGetHandleVerifier [0x00CC3D36+574774]\n\tOrdinal0 [0x00BC1C0B+1973259]\n\tOrdinal0 [0x00BC6688+1992328]\n\tOrdinal0 [0x00BC6775+1992565]\n\tOrdinal0 [0x00BCF8D1+2029777]\n\tBaseThreadInitThunk [0x76E7FA29+25]\n\tRtlGetAppContainerNamedObjectPath [0x77137A7E+286]\n\tRtlGetAppContainerNamedObjectPath [0x77137A4E+238]\n\n", "trace": "  File \"F:\\baitap\\kiemthu\\venv\\lib\\site-packages\\behave\\model.py\", line 1329, in run\n    match.run(runner.context)\n  File \"F:\\baitap\\kiemthu\\venv\\lib\\site-packages\\behave\\matchers.py\", line 98, in run\n    self.func(context, *args, **kwargs)\n  File \"Feature\\steps\\LoginPageSteps.py\", line 102, in step_impl\n    hpage.clickOnLogin()\n  File \"F:\\baitap\\kiemthu\\Pages\\HomePage.py\", line 12, in clickOnLogin\n    self.driver.find_element_by_xpath(self.link_login_xpath).click()\n  File \"F:\\baitap\\kiemthu\\venv\\lib\\site-packages\\selenium\\webdriver\\remote\\webdriver.py\", line 521, in find_element_by_xpath\n    return self.find_element(by=By.XPATH, value=xpath)\n  File \"F:\\baitap\\kiemthu\\venv\\lib\\site-packages\\selenium\\webdriver\\remote\\webdriver.py\", line 1248, in find_element\n    return self.execute(Command.FIND_ELEMENT, {\n  File \"F:\\baitap\\kiemthu\\venv\\lib\\site-packages\\selenium\\webdriver\\remote\\webdriver.py\", line 425, in execute\n    self.error_handler.check_response(response)\n  File \"F:\\baitap\\kiemthu\\venv\\lib\\site-packages\\selenium\\webdriver\\remote\\errorhandler.py\", line 247, in check_response\n    raise exception_class(message, screen, stacktrace)\n"}, "steps": [{"name": "Given Launch the App", "status": "passed", "start": 1652798240286, "stop": 1652798265383}, {"name": "When enter login credentials", "status": "broken", "statusDetails": {"message": "selenium.common.exceptions.NoSuchWindowException: Message: no such window: target window already closed\nfrom unknown error: web view not found\n  (Session info: chrome=101.0.4951.67)\nStacktrace:\nBacktrace:\n\tOrdinal0 [0x00C2B8F3+2406643]\n\tOrdinal0 [0x00BBAF31+1945393]\n\tOrdinal0 [0x00AAC748+837448]\n\tOrdinal0 [0x00A942B0+737968]\n\tOrdinal0 [0x00AF6C09+1141769]\n\tOrdinal0 [0x00B03E22+1195554]\n\tOrdinal0 [0x00AF4096+1130646]\n\tOrdinal0 [0x00ACE636+976438]\n\tOrdinal0 [0x00ACF546+980294]\n\tGetHandleVerifier [0x00E99612+2498066]\n\tGetHandleVerifier [0x00E8C920+2445600]\n\tGetHandleVerifier [0x00CC4F2A+579370]\n\tGetHandleVerifier [0x00CC3D36+574774]\n\tOrdinal0 [0x00BC1C0B+1973259]\n\tOrdinal0 [0x00BC6688+1992328]\n\tOrdinal0 [0x00BC6775+1992565]\n\tOrdinal0 [0x00BCF8D1+2029777]\n\tBaseThreadInitThunk [0x76E7FA29+25]\n\tRtlGetAppContainerNamedObjectPath [0x77137A7E+286]\n\tRtlGetAppContainerNamedObjectPath [0x77137A4E+238]\n\n", "trace": "  File \"F:\\baitap\\kiemthu\\venv\\lib\\site-packages\\behave\\model.py\", line 1329, in run\n    match.run(runner.context)\n  File \"F:\\baitap\\kiemthu\\venv\\lib\\site-packages\\behave\\matchers.py\", line 98, in run\n    self.func(context, *args, **kwargs)\n  File \"Feature\\steps\\LoginPageSteps.py\", line 102, in step_impl\n    hpage.clickOnLogin()\n  File \"F:\\baitap\\kiemthu\\Pages\\HomePage.py\", line 12, in clickOnLogin\n    self.driver.find_element_by_xpath(self.link_login_xpath).click()\n  File \"F:\\baitap\\kiemthu\\venv\\lib\\site-packages\\selenium\\webdriver\\remote\\webdriver.py\", line 521, in find_element_by_xpath\n    return self.find_element(by=By.XPATH, value=xpath)\n  File \"F:\\baitap\\kiemthu\\venv\\lib\\site-packages\\selenium\\webdriver\\remote\\webdriver.py\", line 1248, in find_element\n    return self.execute(Command.FIND_ELEMENT, {\n  File \"F:\\baitap\\kiemthu\\venv\\lib\\site-packages\\selenium\\webdriver\\remote\\webdriver.py\", line 425, in execute\n    self.error_handler.check_response(response)\n  File \"F:\\baitap\\kiemthu\\venv\\lib\\site-packages\\selenium\\webdriver\\remote\\errorhandler.py\", line 247, in check_response\n    raise exception_class(message, screen, stacktrace)\n"}, "start": 1652798265384, "stop": 1652798265459}, {"name": "Then click login", "status": "skipped", "start": 1652798265460, "stop": 1652798265460}, {"name": "Then verify the page title and screenshot", "status": "skipped", "start": 1652798265460, "stop": 1652798265460}, {"name": "And close the App", "status": "skipped", "start": 1652798265460, "stop": 1652798265460}], "start": 1652798240284, "stop": 1652798265460, "uuid": "265dcaeb-7dff-49e6-aa2e-31a714c26f11", "historyId": "ab7dfe44a20221545b84346a3128c6f4", "fullName": "Test the c2ta application: Verify login functionality", "labels": [{"name": "severity", "value": "normal"}, {"name": "feature", "value": "Test the c2ta application"}, {"name": "framework", "value": "behave"}, {"name": "language", "value": "cpython3"}]}