{"name": "Verify registration function", "status": "broken", "statusDetails": {"message": "selenium.common.exceptions.WebDriverException: Message: chrome not reachable\n  (Session info: chrome=101.0.4951.67)\nStacktrace:\nBacktrace:\n\tOrdinal0 [0x00CAB8F3+2406643]\n\tOrdinal0 [0x00C3AF31+1945393]\n\tOrdinal0 [0x00B2C610+837136]\n\tOrdinal0 [0x00B20442+787522]\n\tOrdinal0 [0x00B20C78+789624]\n\tOrdinal0 [0x00B224B2+795826]\n\tOrdinal0 [0x00B1BF09+769801]\n\tOrdinal0 [0x00B2DAC0+842432]\n\tOrdinal0 [0x00B83E62+1195618]\n\tOrdinal0 [0x00B74096+1130646]\n\tOrdinal0 [0x00B4E636+976438]\n\tOrdinal0 [0x00B4F546+980294]\n\tGetHandleVerifier [0x00F19612+2498066]\n\tGetHandleVerifier [0x00F0C920+2445600]\n\tGetHandleVerifier [0x00D44F2A+579370]\n\tGetHandleVerifier [0x00D43D36+574774]\n\tOrdinal0 [0x00C41C0B+1973259]\n\tOrdinal0 [0x00C46688+1992328]\n\tOrdinal0 [0x00C46775+1992565]\n\tOrdinal0 [0x00C4F8D1+2029777]\n\tBaseThreadInitThunk [0x7613FA29+25]\n\tRtlGetAppContainerNamedObjectPath [0x77CA7A7E+286]\n\tRtlGetAppContainerNamedObjectPath [0x77CA7A4E+238]\n\n", "trace": "  File \"F:\\baitap\\kiemthu\\venv\\lib\\site-packages\\behave\\model.py\", line 1329, in run\n    match.run(runner.context)\n  File \"F:\\baitap\\kiemthu\\venv\\lib\\site-packages\\behave\\matchers.py\", line 98, in run\n    self.func(context, *args, **kwargs)\n  File \"Feature\\steps\\RegisterPageSteps.py\", line 78, in step_impl\n    if context.driver.current_url == \"https://letcode.in/\":\n  File \"F:\\baitap\\kiemthu\\venv\\lib\\site-packages\\selenium\\webdriver\\remote\\webdriver.py\", line 915, in current_url\n    return self.execute(Command.GET_CURRENT_URL)['value']\n  File \"F:\\baitap\\kiemthu\\venv\\lib\\site-packages\\selenium\\webdriver\\remote\\webdriver.py\", line 425, in execute\n    self.error_handler.check_response(response)\n  File \"F:\\baitap\\kiemthu\\venv\\lib\\site-packages\\selenium\\webdriver\\remote\\errorhandler.py\", line 247, in check_response\n    raise exception_class(message, screen, stacktrace)\n"}, "steps": [{"name": "Given Launch the App1", "status": "passed", "start": 1652813956233, "stop": 1652813963791}, {"name": "When enter registration credentials1", "status": "broken", "statusDetails": {"message": "selenium.common.exceptions.WebDriverException: Message: chrome not reachable\n  (Session info: chrome=101.0.4951.67)\nStacktrace:\nBacktrace:\n\tOrdinal0 [0x00CAB8F3+2406643]\n\tOrdinal0 [0x00C3AF31+1945393]\n\tOrdinal0 [0x00B2C610+837136]\n\tOrdinal0 [0x00B20442+787522]\n\tOrdinal0 [0x00B20C78+789624]\n\tOrdinal0 [0x00B224B2+795826]\n\tOrdinal0 [0x00B1BF09+769801]\n\tOrdinal0 [0x00B2DAC0+842432]\n\tOrdinal0 [0x00B83E62+1195618]\n\tOrdinal0 [0x00B74096+1130646]\n\tOrdinal0 [0x00B4E636+976438]\n\tOrdinal0 [0x00B4F546+980294]\n\tGetHandleVerifier [0x00F19612+2498066]\n\tGetHandleVerifier [0x00F0C920+2445600]\n\tGetHandleVerifier [0x00D44F2A+579370]\n\tGetHandleVerifier [0x00D43D36+574774]\n\tOrdinal0 [0x00C41C0B+1973259]\n\tOrdinal0 [0x00C46688+1992328]\n\tOrdinal0 [0x00C46775+1992565]\n\tOrdinal0 [0x00C4F8D1+2029777]\n\tBaseThreadInitThunk [0x7613FA29+25]\n\tRtlGetAppContainerNamedObjectPath [0x77CA7A7E+286]\n\tRtlGetAppContainerNamedObjectPath [0x77CA7A4E+238]\n\n", "trace": "  File \"F:\\baitap\\kiemthu\\venv\\lib\\site-packages\\behave\\model.py\", line 1329, in run\n    match.run(runner.context)\n  File \"F:\\baitap\\kiemthu\\venv\\lib\\site-packages\\behave\\matchers.py\", line 98, in run\n    self.func(context, *args, **kwargs)\n  File \"Feature\\steps\\RegisterPageSteps.py\", line 78, in step_impl\n    if context.driver.current_url == \"https://letcode.in/\":\n  File \"F:\\baitap\\kiemthu\\venv\\lib\\site-packages\\selenium\\webdriver\\remote\\webdriver.py\", line 915, in current_url\n    return self.execute(Command.GET_CURRENT_URL)['value']\n  File \"F:\\baitap\\kiemthu\\venv\\lib\\site-packages\\selenium\\webdriver\\remote\\webdriver.py\", line 425, in execute\n    self.error_handler.check_response(response)\n  File \"F:\\baitap\\kiemthu\\venv\\lib\\site-packages\\selenium\\webdriver\\remote\\errorhandler.py\", line 247, in check_response\n    raise exception_class(message, screen, stacktrace)\n"}, "start": 1652813963791, "stop": 1652813994033}, {"name": "Then verify the page title and screenshot1", "status": "skipped", "start": 1652813994035, "stop": 1652813994035}, {"name": "And close the App1", "status": "skipped", "start": 1652813994035, "stop": 1652813994035}], "start": 1652813956231, "stop": 1652813994035, "uuid": "54c46de0-bf15-4e74-ab8d-408315e7f199", "historyId": "90d24ef7d5369684afdaa85c40689483", "fullName": "Test the viblo application: Verify registration function", "labels": [{"name": "severity", "value": "normal"}, {"name": "feature", "value": "Test the viblo application"}, {"name": "framework", "value": "behave"}, {"name": "language", "value": "cpython3"}]}