{"name": "Verify registration function", "status": "broken", "statusDetails": {"message": "selenium.common.exceptions.NoSuchElementException: Message: no such element: Unable to locate element: {\"method\":\"xpath\",\"selector\":\"//input[@placeholder='Enter your name']\"}\n  (Session info: chrome=101.0.4951.67)\nStacktrace:\nBacktrace:\n\tOrdinal0 [0x0119B8F3+2406643]\n\tOrdinal0 [0x0112AF31+1945393]\n\tOrdinal0 [0x0101C748+837448]\n\tOrdinal0 [0x010492E0+1020640]\n\tOrdinal0 [0x0104957B+1021307]\n\tOrdinal0 [0x01076372+1205106]\n\tOrdinal0 [0x010642C4+1131204]\n\tOrdinal0 [0x01074682+1197698]\n\tOrdinal0 [0x01064096+1130646]\n\tOrdinal0 [0x0103E636+976438]\n\tOrdinal0 [0x0103F546+980294]\n\tGetHandleVerifier [0x01409612+2498066]\n\tGetHandleVerifier [0x013FC920+2445600]\n\tGetHandleVerifier [0x01234F2A+579370]\n\tGetHandleVerifier [0x01233D36+574774]\n\tOrdinal0 [0x01131C0B+1973259]\n\tOrdinal0 [0x01136688+1992328]\n\tOrdinal0 [0x01136775+1992565]\n\tOrdinal0 [0x0113F8D1+2029777]\n\tBaseThreadInitThunk [0x768BFA29+25]\n\tRtlGetAppContainerNamedObjectPath [0x77527A7E+286]\n\tRtlGetAppContainerNamedObjectPath [0x77527A4E+238]\n\n", "trace": "  File \"F:\\baitap\\kiemthu\\venv\\lib\\site-packages\\behave\\model.py\", line 1329, in run\n    match.run(runner.context)\n  File \"F:\\baitap\\kiemthu\\venv\\lib\\site-packages\\behave\\matchers.py\", line 98, in run\n    self.func(context, *args, **kwargs)\n  File \"Feature\\steps\\RegisterPageSteps.py\", line 46, in step_impl\n    lpage.setname(name)\n  File \"F:\\baitap\\kiemthu\\Pages\\RegisterPage.py\", line 20, in setname\n    self.driver.find_element_by_xpath(self.txt_name_xpath).send_keys(name)\n  File \"F:\\baitap\\kiemthu\\venv\\lib\\site-packages\\selenium\\webdriver\\remote\\webdriver.py\", line 521, in find_element_by_xpath\n    return self.find_element(by=By.XPATH, value=xpath)\n  File \"F:\\baitap\\kiemthu\\venv\\lib\\site-packages\\selenium\\webdriver\\remote\\webdriver.py\", line 1248, in find_element\n    return self.execute(Command.FIND_ELEMENT, {\n  File \"F:\\baitap\\kiemthu\\venv\\lib\\site-packages\\selenium\\webdriver\\remote\\webdriver.py\", line 425, in execute\n    self.error_handler.check_response(response)\n  File \"F:\\baitap\\kiemthu\\venv\\lib\\site-packages\\selenium\\webdriver\\remote\\errorhandler.py\", line 247, in check_response\n    raise exception_class(message, screen, stacktrace)\n"}, "steps": [{"name": "Given Launch the App111", "status": "passed", "start": 1652860211100, "stop": 1652860216409}, {"name": "When enter registration credentials111", "status": "broken", "statusDetails": {"message": "selenium.common.exceptions.NoSuchElementException: Message: no such element: Unable to locate element: {\"method\":\"xpath\",\"selector\":\"//input[@placeholder='Enter your name']\"}\n  (Session info: chrome=101.0.4951.67)\nStacktrace:\nBacktrace:\n\tOrdinal0 [0x0119B8F3+2406643]\n\tOrdinal0 [0x0112AF31+1945393]\n\tOrdinal0 [0x0101C748+837448]\n\tOrdinal0 [0x010492E0+1020640]\n\tOrdinal0 [0x0104957B+1021307]\n\tOrdinal0 [0x01076372+1205106]\n\tOrdinal0 [0x010642C4+1131204]\n\tOrdinal0 [0x01074682+1197698]\n\tOrdinal0 [0x01064096+1130646]\n\tOrdinal0 [0x0103E636+976438]\n\tOrdinal0 [0x0103F546+980294]\n\tGetHandleVerifier [0x01409612+2498066]\n\tGetHandleVerifier [0x013FC920+2445600]\n\tGetHandleVerifier [0x01234F2A+579370]\n\tGetHandleVerifier [0x01233D36+574774]\n\tOrdinal0 [0x01131C0B+1973259]\n\tOrdinal0 [0x01136688+1992328]\n\tOrdinal0 [0x01136775+1992565]\n\tOrdinal0 [0x0113F8D1+2029777]\n\tBaseThreadInitThunk [0x768BFA29+25]\n\tRtlGetAppContainerNamedObjectPath [0x77527A7E+286]\n\tRtlGetAppContainerNamedObjectPath [0x77527A4E+238]\n\n", "trace": "  File \"F:\\baitap\\kiemthu\\venv\\lib\\site-packages\\behave\\model.py\", line 1329, in run\n    match.run(runner.context)\n  File \"F:\\baitap\\kiemthu\\venv\\lib\\site-packages\\behave\\matchers.py\", line 98, in run\n    self.func(context, *args, **kwargs)\n  File \"Feature\\steps\\RegisterPageSteps.py\", line 46, in step_impl\n    lpage.setname(name)\n  File \"F:\\baitap\\kiemthu\\Pages\\RegisterPage.py\", line 20, in setname\n    self.driver.find_element_by_xpath(self.txt_name_xpath).send_keys(name)\n  File \"F:\\baitap\\kiemthu\\venv\\lib\\site-packages\\selenium\\webdriver\\remote\\webdriver.py\", line 521, in find_element_by_xpath\n    return self.find_element(by=By.XPATH, value=xpath)\n  File \"F:\\baitap\\kiemthu\\venv\\lib\\site-packages\\selenium\\webdriver\\remote\\webdriver.py\", line 1248, in find_element\n    return self.execute(Command.FIND_ELEMENT, {\n  File \"F:\\baitap\\kiemthu\\venv\\lib\\site-packages\\selenium\\webdriver\\remote\\webdriver.py\", line 425, in execute\n    self.error_handler.check_response(response)\n  File \"F:\\baitap\\kiemthu\\venv\\lib\\site-packages\\selenium\\webdriver\\remote\\errorhandler.py\", line 247, in check_response\n    raise exception_class(message, screen, stacktrace)\n"}, "attachments": [{"name": "letcode Login test", "source": "c67a520d-7061-43f3-8d40-2f37d735bc14-attachment.png", "type": "image/png"}, {"name": "letcode Login test", "source": "f74a89c5-dec3-4741-bf89-8674c1510940-attachment.png", "type": "image/png"}, {"name": "letcode Login test", "source": "6833e330-4ecb-4cb4-8a0a-06a6e014d7a5-attachment.png", "type": "image/png"}, {"name": "letcode Login test", "source": "a6507e1b-5f02-46d5-8a4c-bbc35dea20ea-attachment.png", "type": "image/png"}, {"name": "letcode Login test", "source": "95faf949-a409-4a73-bb11-6c17005b117b-attachment.png", "type": "image/png"}, {"name": "letcode Login test", "source": "7836758a-d63b-42e9-b97d-38887165e3d8-attachment.png", "type": "image/png"}, {"name": "letcode Login test", "source": "b55c88c9-3faa-496d-8f62-3707b3be319d-attachment.png", "type": "image/png"}], "start": 1652860216409, "stop": 1652860247893}, {"name": "Then verify the page title and screenshot111", "status": "skipped", "start": 1652860247894, "stop": 1652860247894}, {"name": "And close the App111", "status": "skipped", "start": 1652860247894, "stop": 1652860247894}], "start": 1652860211098, "stop": 1652860247894, "uuid": "738b90aa-e064-4e03-bbd0-fb9fbfb77385", "historyId": "90d24ef7d5369684afdaa85c40689483", "fullName": "Test the viblo application: Verify registration function", "labels": [{"name": "severity", "value": "normal"}, {"name": "feature", "value": "Test the viblo application"}, {"name": "framework", "value": "behave"}, {"name": "language", "value": "cpython3"}]}