{"name": "Verify login functionality", "status": "broken", "statusDetails": {"message": "selenium.common.exceptions.NoSuchElementException: Message: no such element: Unable to locate element: {\"method\":\"xpath\",\"selector\":\"//img[@class=\"avatar avatar--md rounded-circle el-popover__reference\"]\"}\n  (Session info: chrome=101.0.4951.54)\nStacktrace:\nBacktrace:\n\tOrdinal0 [0x0089B8F3+2406643]\n\tOrdinal0 [0x0082AF31+1945393]\n\tOrdinal0 [0x0071C748+837448]\n\tOrdinal0 [0x007492E0+1020640]\n\tOrdinal0 [0x0074957B+1021307]\n\tOrdinal0 [0x00776372+1205106]\n\tOrdinal0 [0x007642C4+1131204]\n\tOrdinal0 [0x00774682+1197698]\n\tOrdinal0 [0x00764096+1130646]\n\tOrdinal0 [0x0073E636+976438]\n\tOrdinal0 [0x0073F546+980294]\n\tGetHandleVerifier [0x00B09612+2498066]\n\tGetHandleVerifier [0x00AFC920+2445600]\n\tGetHandleVerifier [0x00934F2A+579370]\n\tGetHandleVerifier [0x00933D36+574774]\n\tOrdinal0 [0x00831C0B+1973259]\n\tOrdinal0 [0x00836688+1992328]\n\tOrdinal0 [0x00836775+1992565]\n\tOrdinal0 [0x0083F8D1+2029777]\n\tBaseThreadInitThunk [0x76CBFA29+25]\n\tRtlGetAppContainerNamedObjectPath [0x77627A7E+286]\n\tRtlGetAppContainerNamedObjectPath [0x77627A4E+238]\n\n", "trace": "  File \"F:\\baitap\\kiemthu\\venv\\lib\\site-packages\\behave\\model.py\", line 1329, in run\n    match.run(runner.context)\n  File \"F:\\baitap\\kiemthu\\venv\\lib\\site-packages\\behave\\matchers.py\", line 98, in run\n    self.func(context, *args, **kwargs)\n  File \"Feature\\steps\\LogoutPageSteps.py\", line 49, in step_impl\n    lpage.clickontotlogout()\n  File \"F:\\baitap\\kiemthu\\Pages\\LoginPage.py\", line 26, in clickontotlogout\n    self.driver.find_element_by_xpath(self.btn_totliplogout_xpath).click()\n  File \"F:\\baitap\\kiemthu\\venv\\lib\\site-packages\\selenium\\webdriver\\remote\\webdriver.py\", line 521, in find_element_by_xpath\n    return self.find_element(by=By.XPATH, value=xpath)\n  File \"F:\\baitap\\kiemthu\\venv\\lib\\site-packages\\selenium\\webdriver\\remote\\webdriver.py\", line 1248, in find_element\n    return self.execute(Command.FIND_ELEMENT, {\n  File \"F:\\baitap\\kiemthu\\venv\\lib\\site-packages\\selenium\\webdriver\\remote\\webdriver.py\", line 425, in execute\n    self.error_handler.check_response(response)\n  File \"F:\\baitap\\kiemthu\\venv\\lib\\site-packages\\selenium\\webdriver\\remote\\errorhandler.py\", line 247, in check_response\n    raise exception_class(message, screen, stacktrace)\n"}, "steps": [{"name": "Given Launch  the App", "status": "passed", "start": 1651728383474, "stop": 1651728387079}, {"name": "When enter   login credentials", "status": "passed", "start": 1651728387079, "stop": 1651728388222}, {"name": "Then click   login", "status": "passed", "start": 1651728388222, "stop": 1651728388285}, {"name": "Then click logout", "status": "broken", "statusDetails": {"message": "selenium.common.exceptions.NoSuchElementException: Message: no such element: Unable to locate element: {\"method\":\"xpath\",\"selector\":\"//img[@class=\"avatar avatar--md rounded-circle el-popover__reference\"]\"}\n  (Session info: chrome=101.0.4951.54)\nStacktrace:\nBacktrace:\n\tOrdinal0 [0x0089B8F3+2406643]\n\tOrdinal0 [0x0082AF31+1945393]\n\tOrdinal0 [0x0071C748+837448]\n\tOrdinal0 [0x007492E0+1020640]\n\tOrdinal0 [0x0074957B+1021307]\n\tOrdinal0 [0x00776372+1205106]\n\tOrdinal0 [0x007642C4+1131204]\n\tOrdinal0 [0x00774682+1197698]\n\tOrdinal0 [0x00764096+1130646]\n\tOrdinal0 [0x0073E636+976438]\n\tOrdinal0 [0x0073F546+980294]\n\tGetHandleVerifier [0x00B09612+2498066]\n\tGetHandleVerifier [0x00AFC920+2445600]\n\tGetHandleVerifier [0x00934F2A+579370]\n\tGetHandleVerifier [0x00933D36+574774]\n\tOrdinal0 [0x00831C0B+1973259]\n\tOrdinal0 [0x00836688+1992328]\n\tOrdinal0 [0x00836775+1992565]\n\tOrdinal0 [0x0083F8D1+2029777]\n\tBaseThreadInitThunk [0x76CBFA29+25]\n\tRtlGetAppContainerNamedObjectPath [0x77627A7E+286]\n\tRtlGetAppContainerNamedObjectPath [0x77627A4E+238]\n\n", "trace": "  File \"F:\\baitap\\kiemthu\\venv\\lib\\site-packages\\behave\\model.py\", line 1329, in run\n    match.run(runner.context)\n  File \"F:\\baitap\\kiemthu\\venv\\lib\\site-packages\\behave\\matchers.py\", line 98, in run\n    self.func(context, *args, **kwargs)\n  File \"Feature\\steps\\LogoutPageSteps.py\", line 49, in step_impl\n    lpage.clickontotlogout()\n  File \"F:\\baitap\\kiemthu\\Pages\\LoginPage.py\", line 26, in clickontotlogout\n    self.driver.find_element_by_xpath(self.btn_totliplogout_xpath).click()\n  File \"F:\\baitap\\kiemthu\\venv\\lib\\site-packages\\selenium\\webdriver\\remote\\webdriver.py\", line 521, in find_element_by_xpath\n    return self.find_element(by=By.XPATH, value=xpath)\n  File \"F:\\baitap\\kiemthu\\venv\\lib\\site-packages\\selenium\\webdriver\\remote\\webdriver.py\", line 1248, in find_element\n    return self.execute(Command.FIND_ELEMENT, {\n  File \"F:\\baitap\\kiemthu\\venv\\lib\\site-packages\\selenium\\webdriver\\remote\\webdriver.py\", line 425, in execute\n    self.error_handler.check_response(response)\n  File \"F:\\baitap\\kiemthu\\venv\\lib\\site-packages\\selenium\\webdriver\\remote\\errorhandler.py\", line 247, in check_response\n    raise exception_class(message, screen, stacktrace)\n"}, "start": 1651728388285, "stop": 1651728388305}, {"name": "Then verify   the   page title and screenshot", "status": "skipped", "start": 1651728388306, "stop": 1651728388306}, {"name": "And close  the App", "status": "skipped", "start": 1651728388306, "stop": 1651728388306}], "start": 1651728383473, "stop": 1651728388306, "uuid": "63c7e591-013b-4696-bf13-462111ce4de2", "historyId": "e0a5dda5c2d3f0e959304875ad8ea18d", "fullName": "Test the viblo application: Verify login functionality", "labels": [{"name": "severity", "value": "normal"}, {"name": "feature", "value": "Test the viblo application"}, {"name": "framework", "value": "behave"}, {"name": "language", "value": "cpython3"}]}