{"name": "Verify login functionality", "status": "broken", "statusDetails": {"message": "selenium.common.exceptions.NoSuchElementException: Message: no such element: Unable to locate element: {\"method\":\"css selector\",\"selector\":\"[id=\"text\"]\"}\n  (Session info: chrome=100.0.4896.127)\nStacktrace:\nBacktrace:\n\tOrdinal0 [0x00507413+2389011]\n\tOrdinal0 [0x00499F61+1941345]\n\tOrdinal0 [0x0038C658+837208]\n\tOrdinal0 [0x003B91DD+1020381]\n\tOrdinal0 [0x003B949B+1021083]\n\tOrdinal0 [0x003E6032+1204274]\n\tOrdinal0 [0x003D4194+1130900]\n\tOrdinal0 [0x003E4302+1196802]\n\tOrdinal0 [0x003D3F66+1130342]\n\tOrdinal0 [0x003AE546+976198]\n\tOrdinal0 [0x003AF456+980054]\n\tGetHandleVerifier [0x006B9632+1727522]\n\tGetHandleVerifier [0x0076BA4D+2457661]\n\tGetHandleVerifier [0x0059EB81+569713]\n\tGetHandleVerifier [0x0059DD76+566118]\n\tOrdinal0 [0x004A0B2B+1968939]\n\tOrdinal0 [0x004A5988+1989000]\n\tOrdinal0 [0x004A5A75+1989237]\n\tOrdinal0 [0x004AECB1+2026673]\n\tBaseThreadInitThunk [0x752FFA29+25]\n\tRtlGetAppContainerNamedObjectPath [0x76F57A7E+286]\n\tRtlGetAppContainerNamedObjectPath [0x76F57A4E+238]\n\n", "trace": "  File \"F:\\baitap\\kiemthu\\venv\\lib\\site-packages\\behave\\model.py\", line 1329, in run\n    match.run(runner.context)\n  File \"F:\\baitap\\kiemthu\\venv\\lib\\site-packages\\behave\\matchers.py\", line 98, in run\n    self.func(context, *args, **kwargs)\n  File \"Feature\\steps\\LoginPageSteps.py\", line 34, in step_impl\n    lpage.setusername(urs)\n  File \"F:\\baitap\\kiemthu\\Pages\\LoginPage.py\", line 14, in setusername\n    self.driver.find_element_by_id(self. txt_username_type).send_keys(username)\n  File \"F:\\baitap\\kiemthu\\venv\\lib\\site-packages\\selenium\\webdriver\\remote\\webdriver.py\", line 473, in find_element_by_id\n    return self.find_element(by=By.ID, value=id_)\n  File \"F:\\baitap\\kiemthu\\venv\\lib\\site-packages\\selenium\\webdriver\\remote\\webdriver.py\", line 1248, in find_element\n    return self.execute(Command.FIND_ELEMENT, {\n  File \"F:\\baitap\\kiemthu\\venv\\lib\\site-packages\\selenium\\webdriver\\remote\\webdriver.py\", line 425, in execute\n    self.error_handler.check_response(response)\n  File \"F:\\baitap\\kiemthu\\venv\\lib\\site-packages\\selenium\\webdriver\\remote\\errorhandler.py\", line 247, in check_response\n    raise exception_class(message, screen, stacktrace)\n"}, "steps": [{"name": "Given Launch the App", "status": "passed", "start": 1651687262505, "stop": 1651687266252}, {"name": "When enter login credentials", "status": "broken", "statusDetails": {"message": "selenium.common.exceptions.NoSuchElementException: Message: no such element: Unable to locate element: {\"method\":\"css selector\",\"selector\":\"[id=\"text\"]\"}\n  (Session info: chrome=100.0.4896.127)\nStacktrace:\nBacktrace:\n\tOrdinal0 [0x00507413+2389011]\n\tOrdinal0 [0x00499F61+1941345]\n\tOrdinal0 [0x0038C658+837208]\n\tOrdinal0 [0x003B91DD+1020381]\n\tOrdinal0 [0x003B949B+1021083]\n\tOrdinal0 [0x003E6032+1204274]\n\tOrdinal0 [0x003D4194+1130900]\n\tOrdinal0 [0x003E4302+1196802]\n\tOrdinal0 [0x003D3F66+1130342]\n\tOrdinal0 [0x003AE546+976198]\n\tOrdinal0 [0x003AF456+980054]\n\tGetHandleVerifier [0x006B9632+1727522]\n\tGetHandleVerifier [0x0076BA4D+2457661]\n\tGetHandleVerifier [0x0059EB81+569713]\n\tGetHandleVerifier [0x0059DD76+566118]\n\tOrdinal0 [0x004A0B2B+1968939]\n\tOrdinal0 [0x004A5988+1989000]\n\tOrdinal0 [0x004A5A75+1989237]\n\tOrdinal0 [0x004AECB1+2026673]\n\tBaseThreadInitThunk [0x752FFA29+25]\n\tRtlGetAppContainerNamedObjectPath [0x76F57A7E+286]\n\tRtlGetAppContainerNamedObjectPath [0x76F57A4E+238]\n\n", "trace": "  File \"F:\\baitap\\kiemthu\\venv\\lib\\site-packages\\behave\\model.py\", line 1329, in run\n    match.run(runner.context)\n  File \"F:\\baitap\\kiemthu\\venv\\lib\\site-packages\\behave\\matchers.py\", line 98, in run\n    self.func(context, *args, **kwargs)\n  File \"Feature\\steps\\LoginPageSteps.py\", line 34, in step_impl\n    lpage.setusername(urs)\n  File \"F:\\baitap\\kiemthu\\Pages\\LoginPage.py\", line 14, in setusername\n    self.driver.find_element_by_id(self. txt_username_type).send_keys(username)\n  File \"F:\\baitap\\kiemthu\\venv\\lib\\site-packages\\selenium\\webdriver\\remote\\webdriver.py\", line 473, in find_element_by_id\n    return self.find_element(by=By.ID, value=id_)\n  File \"F:\\baitap\\kiemthu\\venv\\lib\\site-packages\\selenium\\webdriver\\remote\\webdriver.py\", line 1248, in find_element\n    return self.execute(Command.FIND_ELEMENT, {\n  File \"F:\\baitap\\kiemthu\\venv\\lib\\site-packages\\selenium\\webdriver\\remote\\webdriver.py\", line 425, in execute\n    self.error_handler.check_response(response)\n  File \"F:\\baitap\\kiemthu\\venv\\lib\\site-packages\\selenium\\webdriver\\remote\\errorhandler.py\", line 247, in check_response\n    raise exception_class(message, screen, stacktrace)\n"}, "start": 1651687266252, "stop": 1651687267336}, {"name": "Then click login", "status": "skipped", "start": 1651687267338, "stop": 1651687267338}, {"name": "Then verify the page title and screenshot", "status": "skipped", "start": 1651687267338, "stop": 1651687267338}, {"name": "And close the App", "status": "skipped", "start": 1651687267338, "stop": 1651687267338}], "start": 1651687262503, "stop": 1651687267338, "uuid": "cdbcd2db-c19e-40a2-b9c8-6171ab7291d2", "historyId": "ab7dfe44a20221545b84346a3128c6f4", "fullName": "Test the c2ta application: Verify login functionality", "labels": [{"name": "severity", "value": "normal"}, {"name": "feature", "value": "Test the c2ta application"}, {"name": "framework", "value": "behave"}, {"name": "language", "value": "cpython3"}]}