{"name": "Verify registration function", "status": "broken", "statusDetails": {"message": "selenium.common.exceptions.NoSuchElementException: Message: no such element: Unable to locate element: {\"method\":\"xpath\",\"selector\":\"//input[@placeholder='Enter your name']\"}\n  (Session info: chrome=101.0.4951.67)\nStacktrace:\nBacktrace:\n\tOrdinal0 [0x00CAB8F3+2406643]\n\tOrdinal0 [0x00C3AF31+1945393]\n\tOrdinal0 [0x00B2C748+837448]\n\tOrdinal0 [0x00B592E0+1020640]\n\tOrdinal0 [0x00B5957B+1021307]\n\tOrdinal0 [0x00B86372+1205106]\n\tOrdinal0 [0x00B742C4+1131204]\n\tOrdinal0 [0x00B84682+1197698]\n\tOrdinal0 [0x00B74096+1130646]\n\tOrdinal0 [0x00B4E636+976438]\n\tOrdinal0 [0x00B4F546+980294]\n\tGetHandleVerifier [0x00F19612+2498066]\n\tGetHandleVerifier [0x00F0C920+2445600]\n\tGetHandleVerifier [0x00D44F2A+579370]\n\tGetHandleVerifier [0x00D43D36+574774]\n\tOrdinal0 [0x00C41C0B+1973259]\n\tOrdinal0 [0x00C46688+1992328]\n\tOrdinal0 [0x00C46775+1992565]\n\tOrdinal0 [0x00C4F8D1+2029777]\n\tBaseThreadInitThunk [0x7613FA29+25]\n\tRtlGetAppContainerNamedObjectPath [0x77CA7A7E+286]\n\tRtlGetAppContainerNamedObjectPath [0x77CA7A4E+238]\n\n", "trace": "  File \"F:\\baitap\\kiemthu\\venv\\lib\\site-packages\\behave\\model.py\", line 1329, in run\n    match.run(runner.context)\n  File \"F:\\baitap\\kiemthu\\venv\\lib\\site-packages\\behave\\matchers.py\", line 98, in run\n    self.func(context, *args, **kwargs)\n  File \"Feature\\steps\\RegisterPageSteps.py\", line 68, in step_impl\n    lpage.setname(name)\n  File \"F:\\baitap\\kiemthu\\Pages\\RegisterPage.py\", line 21, in setname\n    self.driver.find_element_by_xpath(self.txt_name_xpath).send_keys(name)\n  File \"F:\\baitap\\kiemthu\\venv\\lib\\site-packages\\selenium\\webdriver\\remote\\webdriver.py\", line 521, in find_element_by_xpath\n    return self.find_element(by=By.XPATH, value=xpath)\n  File \"F:\\baitap\\kiemthu\\venv\\lib\\site-packages\\selenium\\webdriver\\remote\\webdriver.py\", line 1248, in find_element\n    return self.execute(Command.FIND_ELEMENT, {\n  File \"F:\\baitap\\kiemthu\\venv\\lib\\site-packages\\selenium\\webdriver\\remote\\webdriver.py\", line 425, in execute\n    self.error_handler.check_response(response)\n  File \"F:\\baitap\\kiemthu\\venv\\lib\\site-packages\\selenium\\webdriver\\remote\\errorhandler.py\", line 247, in check_response\n    raise exception_class(message, screen, stacktrace)\n"}, "steps": [{"name": "Given Launch the App1", "status": "passed", "start": 1652813815764, "stop": 1652813823196}, {"name": "When enter registration credentials1", "status": "broken", "statusDetails": {"message": "selenium.common.exceptions.NoSuchElementException: Message: no such element: Unable to locate element: {\"method\":\"xpath\",\"selector\":\"//input[@placeholder='Enter your name']\"}\n  (Session info: chrome=101.0.4951.67)\nStacktrace:\nBacktrace:\n\tOrdinal0 [0x00CAB8F3+2406643]\n\tOrdinal0 [0x00C3AF31+1945393]\n\tOrdinal0 [0x00B2C748+837448]\n\tOrdinal0 [0x00B592E0+1020640]\n\tOrdinal0 [0x00B5957B+1021307]\n\tOrdinal0 [0x00B86372+1205106]\n\tOrdinal0 [0x00B742C4+1131204]\n\tOrdinal0 [0x00B84682+1197698]\n\tOrdinal0 [0x00B74096+1130646]\n\tOrdinal0 [0x00B4E636+976438]\n\tOrdinal0 [0x00B4F546+980294]\n\tGetHandleVerifier [0x00F19612+2498066]\n\tGetHandleVerifier [0x00F0C920+2445600]\n\tGetHandleVerifier [0x00D44F2A+579370]\n\tGetHandleVerifier [0x00D43D36+574774]\n\tOrdinal0 [0x00C41C0B+1973259]\n\tOrdinal0 [0x00C46688+1992328]\n\tOrdinal0 [0x00C46775+1992565]\n\tOrdinal0 [0x00C4F8D1+2029777]\n\tBaseThreadInitThunk [0x7613FA29+25]\n\tRtlGetAppContainerNamedObjectPath [0x77CA7A7E+286]\n\tRtlGetAppContainerNamedObjectPath [0x77CA7A4E+238]\n\n", "trace": "  File \"F:\\baitap\\kiemthu\\venv\\lib\\site-packages\\behave\\model.py\", line 1329, in run\n    match.run(runner.context)\n  File \"F:\\baitap\\kiemthu\\venv\\lib\\site-packages\\behave\\matchers.py\", line 98, in run\n    self.func(context, *args, **kwargs)\n  File \"Feature\\steps\\RegisterPageSteps.py\", line 68, in step_impl\n    lpage.setname(name)\n  File \"F:\\baitap\\kiemthu\\Pages\\RegisterPage.py\", line 21, in setname\n    self.driver.find_element_by_xpath(self.txt_name_xpath).send_keys(name)\n  File \"F:\\baitap\\kiemthu\\venv\\lib\\site-packages\\selenium\\webdriver\\remote\\webdriver.py\", line 521, in find_element_by_xpath\n    return self.find_element(by=By.XPATH, value=xpath)\n  File \"F:\\baitap\\kiemthu\\venv\\lib\\site-packages\\selenium\\webdriver\\remote\\webdriver.py\", line 1248, in find_element\n    return self.execute(Command.FIND_ELEMENT, {\n  File \"F:\\baitap\\kiemthu\\venv\\lib\\site-packages\\selenium\\webdriver\\remote\\webdriver.py\", line 425, in execute\n    self.error_handler.check_response(response)\n  File \"F:\\baitap\\kiemthu\\venv\\lib\\site-packages\\selenium\\webdriver\\remote\\errorhandler.py\", line 247, in check_response\n    raise exception_class(message, screen, stacktrace)\n"}, "start": 1652813823196, "stop": 1652813848761}, {"name": "Then verify the page title and screenshot1", "status": "skipped", "start": 1652813848761, "stop": 1652813848761}, {"name": "And close the App1", "status": "skipped", "start": 1652813848761, "stop": 1652813848761}], "start": 1652813815762, "stop": 1652813848761, "uuid": "c8f29914-b6e1-4969-b250-c8c9a41e1c38", "historyId": "90d24ef7d5369684afdaa85c40689483", "fullName": "Test the viblo application: Verify registration function", "labels": [{"name": "severity", "value": "normal"}, {"name": "feature", "value": "Test the viblo application"}, {"name": "framework", "value": "behave"}, {"name": "language", "value": "cpython3"}]}